1.61000e+02 8.90000e+01 1.73000e+02 4.00000e+00 8.00000e+00
1.62000e+02 8.80000e+01 1.72000e+02 8.90000e+01 1.73000e+02
1.63000e+02 8.70000e+01 1.71000e+02 8.80000e+01 1.72000e+02
1.64000e+02 8.60000e+01 1.70000e+02 8.70000e+01 1.71000e+02
1.65000e+02 8.50000e+01 1.69000e+02 8.60000e+01 1.70000e+02
1.66000e+02 8.40000e+01 1.68000e+02 8.50000e+01 1.69000e+02
1.67000e+02 8.30000e+01 1.67000e+02 8.40000e+01 1.68000e+02
1.68000e+02 8.20000e+01 1.66000e+02 8.30000e+01 1.67000e+02
1.69000e+02 8.10000e+01 1.65000e+02 8.20000e+01 1.66000e+02
1.70000e+02 8.00000e+01 1.64000e+02 8.10000e+01 1.65000e+02
1.71000e+02 7.90000e+01 1.63000e+02 8.00000e+01 1.64000e+02
1.72000e+02 7.80000e+01 1.62000e+02 7.90000e+01 1.63000e+02
1.73000e+02 7.70000e+01 1.61000e+02 7.80000e+01 1.62000e+02
1.74000e+02 7.60000e+01 1.60000e+02 7.70000e+01 1.61000e+02
1.75000e+02 7.50000e+01 1.59000e+02 7.60000e+01 1.60000e+02
1.76000e+02 7.40000e+01 1.58000e+02 7.50000e+01 1.59000e+02
1.77000e+02 7.30000e+01 1.57000e+02 7.40000e+01 1.58000e+02
1.78000e+02 7.20000e+01 1.56000e+02 7.30000e+01 1.57000e+02
1.79000e+02 7.10000e+01 1.55000e+02 7.20000e+01 1.56000e+02
1.80000e+02 7.00000e+01 1.54000e+02 7.10000e+01 1.55000e+02
1.81000e+02 6.90000e+01 1.53000e+02 7.00000e+01 1.54000e+02
1.82000e+02 6.80000e+01 1.52000e+02 6.90000e+01 1.53000e+02
1.83000e+02 6.70000e+01 1.51000e+02 6.80000e+01 1.52000e+02
1.84000e+02 6.60000e+01 1.50000e+02 6.70000e+01 1.51000e+02
1.85000e+02 6.50000e+01 1.49000e+02 6.60000e+01 1.50000e+02
1.86000e+02 6.40000e+01 1.48000e+02 6.50000e+01 1.49000e+02
1.87000e+02 6.30000e+01 1.47000e+02 6.40000e+01 1.48000e+02
1.88000e+02 6.20000e+01 1.46000e+02 6.30000e+01 1.47000e+02
1.89000e+02 6.10000e+01 1.45000e+02 6.20000e+01 1.46000e+02
1.90000e+02 6.00000e+01 1.44000e+02 6.10000e+01 1.45000e+02
1.91000e+02 5.90000e+01 1.43000e+02 6.00000e+01 1.44000e+02
1.92000e+02 5.80000e+01 1.42000e+02 5.90000e+01 1.43000e+02
1.93000e+02 5.70000e+01 1.41000e+02 5.80000e+01 1.42000e+02
1.94000e+02 5.60000e+01 1.40000e+02 5.70000e+01 1.41000e+02
1.95000e+02 5.50000e+01 1.39000e+02 5.60000e+01 1.40000e+02
1.96000e+02 5.40000e+01 1.38000e+02 5.50000e+01 1.39000e+02
1.97000e+02 5.30000e+01 1.37000e+02 5.40000e+01 1.38000e+02
1.98000e+02 5.20000e+01 1.36000e+02 5.30000e+01 1.37000e+02
1.99000e+02 5.10000e+01 1.35000e+02 5.20000e+01 1.36000e+02
2.00000e+02 3.00000e+00 7.00000e+00 5.10000e+01 1.35000e+02
