1.00000e+00 -4.00000e-01 -4.00000e-01
2.00000e+00 -2.50000e-02 -4.00000e-01
3.00000e+00 2.50000e-02 -4.00000e-01
4.00000e+00 4.00000e-01 -4.00000e-01
5.00000e+00 4.00000e-01 -3.00000e-01
6.00000e+00 2.50000e-02 -3.00000e-01
7.00000e+00 2.50000e-02 3.00000e-01
8.00000e+00 4.00000e-01 3.00000e-01
9.00000e+00 4.00000e-01 4.00000e-01
1.00000e+01 2.50000e-02 4.00000e-01
1.10000e+01 -2.50000e-02 4.00000e-01
1.20000e+01 -4.00000e-01 4.00000e-01
1.30000e+01 -4.00000e-01 3.00000e-01
1.40000e+01 -2.50000e-02 3.00000e-01
1.50000e+01 -2.50000e-02 -3.00000e-01
1.60000e+01 -4.00000e-01 -3.00000e-01
1.70000e+01 -2.12500e-01 -4.00000e-01
1.80000e+01 -3.06250e-01 -4.00000e-01
1.90000e+01 -1.18750e-01 -4.00000e-01
2.00000e+01 1.25000e-02 -4.00000e-01
2.10000e+01 2.12500e-01 -4.00000e-01
2.20000e+01 1.18750e-01 -4.00000e-01
2.30000e+01 3.06250e-01 -4.00000e-01
2.40000e+01 4.00000e-01 -3.50000e-01
2.50000e+01 2.12500e-01 -3.00000e-01
2.60000e+01 1.18750e-01 -3.00000e-01
2.70000e+01 3.06250e-01 -3.00000e-01
2.80000e+01 2.50000e-02 -1.50000e-01
2.90000e+01 2.50000e-02 2.22045e-16
3.00000e+01 2.50000e-02 1.50000e-01
3.10000e+01 2.50000e-02 -2.25000e-01
3.20000e+01 2.50000e-02 2.25000e-01
3.30000e+01 2.50000e-02 7.50000e-02
3.40000e+01 2.50000e-02 -7.50000e-02
3.50000e+01 2.12500e-01 3.00000e-01
3.60000e+01 3.06250e-01 3.00000e-01
3.70000e+01 1.18750e-01 3.00000e-01
3.80000e+01 4.00000e-01 3.50000e-01
3.90000e+01 2.12500e-01 4.00000e-01
4.00000e+01 3.06250e-01 4.00000e-01
4.10000e+01 1.18750e-01 4.00000e-01
4.20000e+01 -1.25000e-02 4.00000e-01
4.30000e+01 -2.12500e-01 4.00000e-01
4.40000e+01 -1.18750e-01 4.00000e-01
4.50000e+01 -3.06250e-01 4.00000e-01
4.60000e+01 -4.00000e-01 3.50000e-01
4.70000e+01 -2.12500e-01 3.00000e-01
4.80000e+01 -1.18750e-01 3.00000e-01
4.90000e+01 -3.06250e-01 3.00000e-01
5.00000e+01 -2.50000e-02 1.50000e-01
5.10000e+01 -2.50000e-02 -2.22045e-16
5.20000e+01 -2.50000e-02 -1.50000e-01
5.30000e+01 -2.50000e-02 -2.25000e-01
5.40000e+01 -2.50000e-02 2.25000e-01
5.50000e+01 -2.50000e-02 7.50000e-02
5.60000e+01 -2.50000e-02 -7.50000e-02
5.70000e+01 -2.12500e-01 -3.00000e-01
5.80000e+01 -3.06250e-01 -3.00000e-01
5.90000e+01 -1.18750e-01 -3.00000e-01
6.00000e+01 -4.00000e-01 -3.50000e-01
6.10000e+01 -4.66900e-02 -3.49193e-01
6.20000e+01 2.86442e-04 -2.91315e-01
6.30000e+01 4.79124e-02 -3.49288e-01
6.40000e+01 2.30705e-03 -3.48383e-01
6.50000e+01 -4.94643e-02 3.49200e-01
6.60000e+01 4.66096e-02 3.49200e-01
6.70000e+01 -3.99208e-04 2.91931e-01
6.80000e+01 -2.55897e-03 3.48460e-01
6.90000e+01 -1.22572e-05 -1.49822e-01
7.00000e+01 1.82703e-05 -2.23588e-01
7.10000e+01 -7.04825e-06 1.49822e-01
7.20000e+01 -6.40679e-05 2.23665e-01
7.30000e+01 -2.74181e-07 1.49102e-17
7.40000e+01 -9.62988e-07 7.49747e-02
7.50000e+01 -2.06710e-06 -7.49747e-02
7.60000e+01 -2.13008e-01 3.49992e-01
7.70000e+01 -1.22738e-01 3.49884e-01
7.80000e+01 -3.06322e-01 3.49999e-01
7.90000e+01 -2.12958e-01 -3.49992e-01
8.00000e+01 -3.06315e-01 -3.49999e-01
8.10000e+01 2.12957e-01 3.49992e-01
8.20000e+01 3.06315e-01 3.49999e-01
8.30000e+01 1.22286e-01 3.49884e-01
8.40000e+01 2.13007e-01 -3.49986e-01
8.50000e+01 1.22542e-01 -3.49884e-01
8.60000e+01 3.06322e-01 -3.49998e-01
8.70000e+01 -1.22299e-01 -3.49883e-01
