1.00000e+00 0.00000e+00 0.00000e+00
2.00000e+00 1.00000e+01 0.00000e+00
3.00000e+00 1.00000e+01 8.00000e-01
4.00000e+00 0.00000e+00 8.00000e-01
5.00000e+00 2.04082e-01 0.00000e+00
6.00000e+00 4.08163e-01 0.00000e+00
7.00000e+00 6.12245e-01 0.00000e+00
8.00000e+00 8.16327e-01 0.00000e+00
9.00000e+00 1.02041e+00 0.00000e+00
1.00000e+01 1.22449e+00 0.00000e+00
1.10000e+01 1.42857e+00 0.00000e+00
1.20000e+01 1.63265e+00 0.00000e+00
1.30000e+01 1.83673e+00 0.00000e+00
1.40000e+01 2.04082e+00 0.00000e+00
1.50000e+01 2.24490e+00 0.00000e+00
1.60000e+01 2.44898e+00 0.00000e+00
1.70000e+01 2.65306e+00 0.00000e+00
1.80000e+01 2.85714e+00 0.00000e+00
1.90000e+01 3.06122e+00 0.00000e+00
2.00000e+01 3.26531e+00 0.00000e+00
2.10000e+01 3.46939e+00 0.00000e+00
2.20000e+01 3.67347e+00 0.00000e+00
2.30000e+01 3.87755e+00 0.00000e+00
2.40000e+01 4.08163e+00 0.00000e+00
2.50000e+01 4.28571e+00 0.00000e+00
2.60000e+01 4.48980e+00 0.00000e+00
2.70000e+01 4.69388e+00 0.00000e+00
2.80000e+01 4.89796e+00 0.00000e+00
2.90000e+01 5.10204e+00 0.00000e+00
3.00000e+01 5.30612e+00 0.00000e+00
3.10000e+01 5.51020e+00 0.00000e+00
3.20000e+01 5.71429e+00 0.00000e+00
3.30000e+01 5.91837e+00 0.00000e+00
3.40000e+01 6.12245e+00 0.00000e+00
3.50000e+01 6.32653e+00 0.00000e+00
3.60000e+01 6.53061e+00 0.00000e+00
3.70000e+01 6.73469e+00 0.00000e+00
3.80000e+01 6.93878e+00 0.00000e+00
3.90000e+01 7.14286e+00 0.00000e+00
4.00000e+01 7.34694e+00 0.00000e+00
4.10000e+01 7.55102e+00 0.00000e+00
4.20000e+01 7.75510e+00 0.00000e+00
4.30000e+01 7.95918e+00 0.00000e+00
4.40000e+01 8.16327e+00 0.00000e+00
4.50000e+01 8.36735e+00 0.00000e+00
4.60000e+01 8.57143e+00 0.00000e+00
4.70000e+01 8.77551e+00 0.00000e+00
4.80000e+01 8.97959e+00 0.00000e+00
4.90000e+01 9.18367e+00 0.00000e+00
5.00000e+01 9.38776e+00 0.00000e+00
5.10000e+01 9.59184e+00 0.00000e+00
5.20000e+01 9.79592e+00 0.00000e+00
5.30000e+01 1.00000e+01 2.00000e-01
5.40000e+01 1.00000e+01 4.00000e-01
5.50000e+01 1.00000e+01 6.00000e-01
5.60000e+01 9.79592e+00 8.00000e-01
5.70000e+01 9.59184e+00 8.00000e-01
5.80000e+01 9.38776e+00 8.00000e-01
5.90000e+01 9.18367e+00 8.00000e-01
6.00000e+01 8.97959e+00 8.00000e-01
6.10000e+01 8.77551e+00 8.00000e-01
6.20000e+01 8.57143e+00 8.00000e-01
6.30000e+01 8.36735e+00 8.00000e-01
6.40000e+01 8.16327e+00 8.00000e-01
6.50000e+01 7.95918e+00 8.00000e-01
6.60000e+01 7.75510e+00 8.00000e-01
6.70000e+01 7.55102e+00 8.00000e-01
6.80000e+01 7.34694e+00 8.00000e-01
6.90000e+01 7.14286e+00 8.00000e-01
7.00000e+01 6.93878e+00 8.00000e-01
7.10000e+01 6.73469e+00 8.00000e-01
7.20000e+01 6.53061e+00 8.00000e-01
7.30000e+01 6.32653e+00 8.00000e-01
7.40000e+01 6.12245e+00 8.00000e-01
7.50000e+01 5.91837e+00 8.00000e-01
7.60000e+01 5.71429e+00 8.00000e-01
7.70000e+01 5.51020e+00 8.00000e-01
7.80000e+01 5.30612e+00 8.00000e-01
7.90000e+01 5.10204e+00 8.00000e-01
8.00000e+01 4.89796e+00 8.00000e-01
8.10000e+01 4.69388e+00 8.00000e-01
8.20000e+01 4.48980e+00 8.00000e-01
8.30000e+01 4.28571e+00 8.00000e-01
8.40000e+01 4.08163e+00 8.00000e-01
8.50000e+01 3.87755e+00 8.00000e-01
8.60000e+01 3.67347e+00 8.00000e-01
8.70000e+01 3.46939e+00 8.00000e-01
8.80000e+01 3.26531e+00 8.00000e-01
8.90000e+01 3.06122e+00 8.00000e-01
9.00000e+01 2.85714e+00 8.00000e-01
9.10000e+01 2.65306e+00 8.00000e-01
9.20000e+01 2.44898e+00 8.00000e-01
9.30000e+01 2.24490e+00 8.00000e-01
9.40000e+01 2.04082e+00 8.00000e-01
9.50000e+01 1.83673e+00 8.00000e-01
9.60000e+01 1.63265e+00 8.00000e-01
9.70000e+01 1.42857e+00 8.00000e-01
9.80000e+01 1.22449e+00 8.00000e-01
9.90000e+01 1.02041e+00 8.00000e-01
1.00000e+02 8.16327e-01 8.00000e-01
1.01000e+02 6.12245e-01 8.00000e-01
1.02000e+02 4.08163e-01 8.00000e-01
1.03000e+02 2.04082e-01 8.00000e-01
1.04000e+02 0.00000e+00 6.00000e-01
1.05000e+02 0.00000e+00 4.00000e-01
1.06000e+02 0.00000e+00 2.00000e-01
1.07000e+02 2.04082e-01 2.00000e-01
1.08000e+02 2.04082e-01 4.00000e-01
1.09000e+02 2.04082e-01 6.00000e-01
1.10000e+02 4.08163e-01 2.00000e-01
1.11000e+02 4.08163e-01 4.00000e-01
1.12000e+02 4.08163e-01 6.00000e-01
1.13000e+02 6.12245e-01 2.00000e-01
1.14000e+02 6.12245e-01 4.00000e-01
1.15000e+02 6.12245e-01 6.00000e-01
1.16000e+02 8.16327e-01 2.00000e-01
1.17000e+02 8.16327e-01 4.00000e-01
1.18000e+02 8.16327e-01 6.00000e-01
1.19000e+02 1.02041e+00 2.00000e-01
1.20000e+02 1.02041e+00 4.00000e-01
1.21000e+02 1.02041e+00 6.00000e-01
1.22000e+02 1.22449e+00 2.00000e-01
1.23000e+02 1.22449e+00 4.00000e-01
1.24000e+02 1.22449e+00 6.00000e-01
1.25000e+02 1.42857e+00 2.00000e-01
1.26000e+02 1.42857e+00 4.00000e-01
1.27000e+02 1.42857e+00 6.00000e-01
1.28000e+02 1.63265e+00 2.00000e-01
1.29000e+02 1.63265e+00 4.00000e-01
1.30000e+02 1.63265e+00 6.00000e-01
1.31000e+02 1.83673e+00 2.00000e-01
1.32000e+02 1.83673e+00 4.00000e-01
1.33000e+02 1.83673e+00 6.00000e-01
1.34000e+02 2.04082e+00 2.00000e-01
1.35000e+02 2.04082e+00 4.00000e-01
1.36000e+02 2.04082e+00 6.00000e-01
1.37000e+02 2.24490e+00 2.00000e-01
1.38000e+02 2.24490e+00 4.00000e-01
1.39000e+02 2.24490e+00 6.00000e-01
1.40000e+02 2.44898e+00 2.00000e-01
1.41000e+02 2.44898e+00 4.00000e-01
1.42000e+02 2.44898e+00 6.00000e-01
1.43000e+02 2.65306e+00 2.00000e-01
1.44000e+02 2.65306e+00 4.00000e-01
1.45000e+02 2.65306e+00 6.00000e-01
1.46000e+02 2.85714e+00 2.00000e-01
1.47000e+02 2.85714e+00 4.00000e-01
1.48000e+02 2.85714e+00 6.00000e-01
1.49000e+02 3.06122e+00 2.00000e-01
1.50000e+02 3.06122e+00 4.00000e-01
1.51000e+02 3.06122e+00 6.00000e-01
1.52000e+02 3.26531e+00 2.00000e-01
1.53000e+02 3.26531e+00 4.00000e-01
1.54000e+02 3.26531e+00 6.00000e-01
1.55000e+02 3.46939e+00 2.00000e-01
1.56000e+02 3.46939e+00 4.00000e-01
1.57000e+02 3.46939e+00 6.00000e-01
1.58000e+02 3.67347e+00 2.00000e-01
1.59000e+02 3.67347e+00 4.00000e-01
1.60000e+02 3.67347e+00 6.00000e-01
1.61000e+02 3.87755e+00 2.00000e-01
1.62000e+02 3.87755e+00 4.00000e-01
1.63000e+02 3.87755e+00 6.00000e-01
1.64000e+02 4.08163e+00 2.00000e-01
1.65000e+02 4.08163e+00 4.00000e-01
1.66000e+02 4.08163e+00 6.00000e-01
1.67000e+02 4.28571e+00 2.00000e-01
1.68000e+02 4.28571e+00 4.00000e-01
1.69000e+02 4.28571e+00 6.00000e-01
1.70000e+02 4.48980e+00 2.00000e-01
1.71000e+02 4.48980e+00 4.00000e-01
1.72000e+02 4.48980e+00 6.00000e-01
1.73000e+02 4.69388e+00 2.00000e-01
1.74000e+02 4.69388e+00 4.00000e-01
1.75000e+02 4.69388e+00 6.00000e-01
1.76000e+02 4.89796e+00 2.00000e-01
1.77000e+02 4.89796e+00 4.00000e-01
1.78000e+02 4.89796e+00 6.00000e-01
1.79000e+02 5.10204e+00 2.00000e-01
1.80000e+02 5.10204e+00 4.00000e-01
1.81000e+02 5.10204e+00 6.00000e-01
1.82000e+02 5.30612e+00 2.00000e-01
1.83000e+02 5.30612e+00 4.00000e-01
1.84000e+02 5.30612e+00 6.00000e-01
1.85000e+02 5.51020e+00 2.00000e-01
1.86000e+02 5.51020e+00 4.00000e-01
1.87000e+02 5.51020e+00 6.00000e-01
1.88000e+02 5.71429e+00 2.00000e-01
1.89000e+02 5.71429e+00 4.00000e-01
1.90000e+02 5.71429e+00 6.00000e-01
1.91000e+02 5.91837e+00 2.00000e-01
1.92000e+02 5.91837e+00 4.00000e-01
1.93000e+02 5.91837e+00 6.00000e-01
1.94000e+02 6.12245e+00 2.00000e-01
1.95000e+02 6.12245e+00 4.00000e-01
1.96000e+02 6.12245e+00 6.00000e-01
1.97000e+02 6.32653e+00 2.00000e-01
1.98000e+02 6.32653e+00 4.00000e-01
1.99000e+02 6.32653e+00 6.00000e-01
2.00000e+02 6.53061e+00 2.00000e-01
2.01000e+02 6.53061e+00 4.00000e-01
2.02000e+02 6.53061e+00 6.00000e-01
2.03000e+02 6.73469e+00 2.00000e-01
2.04000e+02 6.73469e+00 4.00000e-01
2.05000e+02 6.73469e+00 6.00000e-01
2.06000e+02 6.93878e+00 2.00000e-01
2.07000e+02 6.93878e+00 4.00000e-01
2.08000e+02 6.93878e+00 6.00000e-01
2.09000e+02 7.14286e+00 2.00000e-01
2.10000e+02 7.14286e+00 4.00000e-01
2.11000e+02 7.14286e+00 6.00000e-01
2.12000e+02 7.34694e+00 2.00000e-01
2.13000e+02 7.34694e+00 4.00000e-01
2.14000e+02 7.34694e+00 6.00000e-01
2.15000e+02 7.55102e+00 2.00000e-01
2.16000e+02 7.55102e+00 4.00000e-01
2.17000e+02 7.55102e+00 6.00000e-01
2.18000e+02 7.75510e+00 2.00000e-01
2.19000e+02 7.75510e+00 4.00000e-01
2.20000e+02 7.75510e+00 6.00000e-01
2.21000e+02 7.95918e+00 2.00000e-01
2.22000e+02 7.95918e+00 4.00000e-01
2.23000e+02 7.95918e+00 6.00000e-01
2.24000e+02 8.16327e+00 2.00000e-01
2.25000e+02 8.16327e+00 4.00000e-01
2.26000e+02 8.16327e+00 6.00000e-01
2.27000e+02 8.36735e+00 2.00000e-01
2.28000e+02 8.36735e+00 4.00000e-01
2.29000e+02 8.36735e+00 6.00000e-01
2.30000e+02 8.57143e+00 2.00000e-01
2.31000e+02 8.57143e+00 4.00000e-01
2.32000e+02 8.57143e+00 6.00000e-01
2.33000e+02 8.77551e+00 2.00000e-01
2.34000e+02 8.77551e+00 4.00000e-01
2.35000e+02 8.77551e+00 6.00000e-01
2.36000e+02 8.97959e+00 2.00000e-01
2.37000e+02 8.97959e+00 4.00000e-01
2.38000e+02 8.97959e+00 6.00000e-01
2.39000e+02 9.18367e+00 2.00000e-01
2.40000e+02 9.18367e+00 4.00000e-01
2.41000e+02 9.18367e+00 6.00000e-01
2.42000e+02 9.38776e+00 2.00000e-01
2.43000e+02 9.38776e+00 4.00000e-01
2.44000e+02 9.38776e+00 6.00000e-01
2.45000e+02 9.59184e+00 2.00000e-01
2.46000e+02 9.59184e+00 4.00000e-01
2.47000e+02 9.59184e+00 6.00000e-01
2.48000e+02 9.79592e+00 2.00000e-01
2.49000e+02 9.79592e+00 4.00000e-01
2.50000e+02 9.79592e+00 6.00000e-01
