3.93000e+02 1.07000e+02 4.59000e+02 4.00000e+00 2.16000e+02
3.94000e+02 4.59000e+02 2.16000e+02 8.00000e+00 2.09000e+02
3.95000e+02 1.06000e+02 4.58000e+02 1.07000e+02 4.59000e+02
3.96000e+02 4.58000e+02 4.59000e+02 2.09000e+02 2.08000e+02
3.97000e+02 1.05000e+02 4.57000e+02 1.06000e+02 4.58000e+02
3.98000e+02 4.57000e+02 4.58000e+02 2.08000e+02 2.07000e+02
3.99000e+02 1.04000e+02 4.56000e+02 1.05000e+02 4.57000e+02
4.00000e+02 4.56000e+02 4.57000e+02 2.07000e+02 2.06000e+02
4.01000e+02 1.03000e+02 4.55000e+02 1.04000e+02 4.56000e+02
4.02000e+02 4.55000e+02 4.56000e+02 2.06000e+02 2.05000e+02
4.03000e+02 1.02000e+02 4.54000e+02 1.03000e+02 4.55000e+02
4.04000e+02 4.55000e+02 2.05000e+02 2.04000e+02 4.54000e+02
4.05000e+02 1.01000e+02 4.53000e+02 1.02000e+02 4.54000e+02
4.06000e+02 4.53000e+02 4.54000e+02 2.04000e+02 2.03000e+02
4.07000e+02 1.00000e+02 4.52000e+02 1.01000e+02 4.53000e+02
4.08000e+02 4.52000e+02 4.53000e+02 2.03000e+02 2.02000e+02
4.09000e+02 9.90000e+01 4.51000e+02 1.00000e+02 4.52000e+02
4.10000e+02 4.51000e+02 4.52000e+02 2.02000e+02 2.01000e+02
4.11000e+02 9.80000e+01 4.50000e+02 9.90000e+01 4.51000e+02
4.12000e+02 4.50000e+02 4.51000e+02 2.01000e+02 2.00000e+02
4.13000e+02 9.70000e+01 4.49000e+02 9.80000e+01 4.50000e+02
4.14000e+02 4.49000e+02 4.50000e+02 2.00000e+02 1.99000e+02
4.15000e+02 9.60000e+01 4.48000e+02 9.70000e+01 4.49000e+02
4.16000e+02 4.48000e+02 4.49000e+02 1.99000e+02 1.98000e+02
4.17000e+02 9.50000e+01 4.47000e+02 9.60000e+01 4.48000e+02
4.18000e+02 4.47000e+02 4.48000e+02 1.98000e+02 1.97000e+02
4.19000e+02 9.40000e+01 4.46000e+02 9.50000e+01 4.47000e+02
4.20000e+02 4.46000e+02 4.47000e+02 1.97000e+02 1.96000e+02
4.21000e+02 9.30000e+01 4.45000e+02 9.40000e+01 4.46000e+02
4.22000e+02 4.45000e+02 4.46000e+02 1.96000e+02 1.95000e+02
4.23000e+02 9.20000e+01 4.44000e+02 9.30000e+01 4.45000e+02
4.24000e+02 4.44000e+02 4.45000e+02 1.95000e+02 1.94000e+02
4.25000e+02 9.10000e+01 4.43000e+02 9.20000e+01 4.44000e+02
4.26000e+02 4.43000e+02 4.44000e+02 1.94000e+02 1.93000e+02
4.27000e+02 9.00000e+01 4.42000e+02 9.10000e+01 4.43000e+02
4.28000e+02 4.42000e+02 4.43000e+02 1.93000e+02 1.92000e+02
4.29000e+02 8.90000e+01 4.41000e+02 9.00000e+01 4.42000e+02
4.30000e+02 4.41000e+02 4.42000e+02 1.92000e+02 1.91000e+02
4.31000e+02 8.80000e+01 4.40000e+02 8.90000e+01 4.41000e+02
4.32000e+02 4.40000e+02 4.41000e+02 1.91000e+02 1.90000e+02
4.33000e+02 8.70000e+01 4.39000e+02 8.80000e+01 4.40000e+02
4.34000e+02 4.39000e+02 4.40000e+02 1.90000e+02 1.89000e+02
4.35000e+02 8.60000e+01 4.38000e+02 8.70000e+01 4.39000e+02
4.36000e+02 4.38000e+02 4.39000e+02 1.89000e+02 1.88000e+02
4.37000e+02 8.50000e+01 4.37000e+02 8.60000e+01 4.38000e+02
4.38000e+02 4.37000e+02 4.38000e+02 1.88000e+02 1.87000e+02
4.39000e+02 8.40000e+01 4.36000e+02 8.50000e+01 4.37000e+02
4.40000e+02 4.36000e+02 4.37000e+02 1.87000e+02 1.86000e+02
4.41000e+02 8.30000e+01 4.35000e+02 8.40000e+01 4.36000e+02
4.42000e+02 4.36000e+02 1.86000e+02 1.85000e+02 4.35000e+02
4.43000e+02 8.20000e+01 4.34000e+02 8.30000e+01 4.35000e+02
4.44000e+02 4.34000e+02 4.35000e+02 1.85000e+02 1.84000e+02
4.45000e+02 8.10000e+01 4.33000e+02 8.20000e+01 4.34000e+02
4.46000e+02 4.34000e+02 1.84000e+02 1.83000e+02 4.33000e+02
4.47000e+02 8.00000e+01 4.32000e+02 8.10000e+01 4.33000e+02
4.48000e+02 4.33000e+02 1.83000e+02 1.82000e+02 4.32000e+02
4.49000e+02 7.90000e+01 4.31000e+02 8.00000e+01 4.32000e+02
4.50000e+02 4.31000e+02 4.32000e+02 1.82000e+02 1.81000e+02
4.51000e+02 7.80000e+01 4.30000e+02 7.90000e+01 4.31000e+02
4.52000e+02 4.31000e+02 1.81000e+02 1.80000e+02 4.30000e+02
4.53000e+02 7.70000e+01 4.29000e+02 7.80000e+01 4.30000e+02
4.54000e+02 4.30000e+02 1.80000e+02 1.79000e+02 4.29000e+02
4.55000e+02 7.60000e+01 4.28000e+02 7.70000e+01 4.29000e+02
4.56000e+02 4.29000e+02 1.79000e+02 1.78000e+02 4.28000e+02
4.57000e+02 7.50000e+01 4.27000e+02 7.60000e+01 4.28000e+02
4.58000e+02 4.28000e+02 1.78000e+02 1.77000e+02 4.27000e+02
4.59000e+02 7.40000e+01 4.26000e+02 7.50000e+01 4.27000e+02
4.60000e+02 4.26000e+02 4.27000e+02 1.77000e+02 1.76000e+02
4.61000e+02 7.30000e+01 4.25000e+02 7.40000e+01 4.26000e+02
4.62000e+02 4.25000e+02 4.26000e+02 1.76000e+02 1.75000e+02
4.63000e+02 7.20000e+01 4.24000e+02 7.30000e+01 4.25000e+02
4.64000e+02 4.24000e+02 4.25000e+02 1.75000e+02 1.74000e+02
4.65000e+02 7.10000e+01 4.23000e+02 7.20000e+01 4.24000e+02
4.66000e+02 4.23000e+02 4.24000e+02 1.74000e+02 1.73000e+02
4.67000e+02 7.00000e+01 4.22000e+02 7.10000e+01 4.23000e+02
4.68000e+02 4.22000e+02 4.23000e+02 1.73000e+02 1.72000e+02
4.69000e+02 6.90000e+01 4.21000e+02 7.00000e+01 4.22000e+02
4.70000e+02 4.21000e+02 4.22000e+02 1.72000e+02 1.71000e+02
4.71000e+02 6.80000e+01 4.20000e+02 6.90000e+01 4.21000e+02
4.72000e+02 4.21000e+02 1.71000e+02 1.70000e+02 4.20000e+02
4.73000e+02 6.70000e+01 4.19000e+02 6.80000e+01 4.20000e+02
4.74000e+02 4.19000e+02 4.20000e+02 1.70000e+02 1.69000e+02
4.75000e+02 6.60000e+01 4.18000e+02 6.70000e+01 4.19000e+02
4.76000e+02 4.19000e+02 1.69000e+02 1.68000e+02 4.18000e+02
4.77000e+02 6.50000e+01 4.17000e+02 6.60000e+01 4.18000e+02
4.78000e+02 4.18000e+02 1.68000e+02 1.67000e+02 4.17000e+02
4.79000e+02 6.40000e+01 4.16000e+02 6.50000e+01 4.17000e+02
4.80000e+02 4.16000e+02 4.17000e+02 1.67000e+02 1.66000e+02
4.81000e+02 6.30000e+01 4.15000e+02 6.40000e+01 4.16000e+02
4.82000e+02 4.15000e+02 4.16000e+02 1.66000e+02 1.65000e+02
4.83000e+02 6.20000e+01 4.14000e+02 6.30000e+01 4.15000e+02
4.84000e+02 4.15000e+02 1.65000e+02 1.64000e+02 4.14000e+02
4.85000e+02 6.10000e+01 4.13000e+02 6.20000e+01 4.14000e+02
4.86000e+02 4.14000e+02 1.64000e+02 1.63000e+02 4.13000e+02
4.87000e+02 6.00000e+01 4.12000e+02 6.10000e+01 4.13000e+02
4.88000e+02 4.12000e+02 4.13000e+02 1.63000e+02 1.62000e+02
4.89000e+02 3.00000e+00 2.15000e+02 6.00000e+01 4.12000e+02
4.90000e+02 2.15000e+02 4.12000e+02 1.62000e+02 7.00000e+00
