-89.3384 -220.441 -258.684 -143.088 -43.6056
-155.723 -401.832 -516.642 -324.184 -109.766
-222.064 -583.141 -774.539 -505.288 -175.929
-288.348 -764.339 -1032.35 -686.389 -242.089
-354.576 -945.43 -1290.08 -867.489 -308.248
-420.741 -1126.41 -1547.74 -1048.59 -374.406
-486.842 -1307.29 -1805.32 -1229.7 -440.558
-552.871 -1488.07 -2062.84 -1410.8 -506.709
-618.808 -1668.73 -2320.29 -1591.94 -572.861
-684.705 -1849.31 -2577.67 -1773.02 -639
-750.452 -2029.75 -2835.01 -1954.18 -705.151
-816.175 -2210.14 -3092.27 -2135.26 -771.279
-881.755 -2390.41 -3349.49 -2316.38 -837.415
-947.218 -2570.59 -3606.65 -2497.53 -903.54
-1012.54 -2750.66 -3863.78 -2678.66 -969.679
-1076.97 -2929.94 -4121.08 -2860.95 -1035.83
-1142.84 -3110.89 -4377.99 -3040.89 -1101.89
-1207.72 -3290.92 -4635.13 -3221.91 -1168.08
-1272.32 -3470.73 -4892.06 -3403.24 -1234.12
-1336.69 -3650.58 -5149.05 -3584.43 -1300.24
-1400.81 -3830.5 -5406.08 -3765.64 -1366.35
-1464.59 -4010.45 -5663.09 -3946.88 -1432.47
-1528 -4190.53 -5920.13 -4128.13 -1498.57
-1590.97 -4370.79 -6177.2 -4309.39 -1564.68
-1653.49 -4551.18 -6434.45 -4490.67 -1630.77
-1715.38 -4731.96 -6691.46 -4672.02 -1696.89
-1776.76 -4913.22 -6948.66 -4853.36 -1762.99
-1837.71 -5094.87 -7205.8 -5034.68 -1829.07
-1898.76 -5276.97 -7462.91 -5215.87 -1895.11
-1965.24 -5457.35 -7718.97 -5396.61 -1960.97
-2037.89 -5633.47 -7973.18 -5576.47 -2026.52
-2111.89 -5807.38 -8227.04 -5756.31 -2092.06
-2185.8 -5980.05 -8480.84 -5936.2 -2157.6
-2258.51 -6152.17 -8735.37 -6116.27 -2223.21
-2329.52 -6325.16 -8990.36 -6296.55 -2288.87
-2398.79 -6499.66 -9246.2 -6476.94 -2354.55
-2466.96 -6675.15 -9502.02 -6657.33 -2420.23
-2534.24 -6851.4 -9757.8 -6837.74 -2485.9
-2600.78 -7028.2 -10013.6 -7018.24 -2551.59
-2667.4 -7206.24 -10269.4 -7198.76 -2617.26
-2733.63 -7385.49 -10524.5 -7378.99 -2682.81
-2799.65 -7564.94 -10779.4 -7559.08 -2748.31
-2865.44 -7744.93 -11034.2 -7738.95 -2813.73
-2931.01 -7925.47 -11289 -7918.61 -2879.05
-2996.56 -8105.95 -11543.7 -8098.21 -2944.35
-3062.12 -8286.12 -11798.3 -8277.89 -3009.7
-3127.71 -8465.97 -12053.2 -8457.72 -3075.08
-3193.33 -8645.52 -12308.1 -8637.67 -3140.51
-3259.02 -8824.79 -12563.2 -8817.61 -3205.88
-3324.68 -9003.66 -12818.2 -8997.6 -3271.26
-3390.18 -9181.97 -13072.8 -9177.43 -3336.58
-3455.86 -9360.21 -13327.6 -9357.28 -3401.89
-3521.68 -9538.39 -13582.7 -9537.25 -3467.24
-3587.46 -9717.76 -13837.7 -9717.16 -3532.64
-3651.7 -9900.32 -14091.1 -9896.34 -3597.76
-3717.05 -10082.3 -14344.1 -10075.4 -3662.84
-3782.78 -10264.2 -14597 -10254.3 -3727.85
-3848.54 -10446 -14849.8 -10433.1 -3792.84
-3914.31 -10627.9 -15102.4 -10611.8 -3857.81
-3980.1 -10809.6 -15354.8 -10790.5 -3922.74
-4046.07 -10991.4 -15607 -10969.2 -3987.66
-4112.07 -11173.2 -15859.2 -11147.7 -4052.55
-4178.05 -11355.1 -16111.3 -11326.4 -4117.49
-4244 -11536.9 -16363.4 -11505 -4182.39
-4309.93 -11718.5 -16615.1 -11683.5 -4247.21
-4375.89 -11900.1 -16866.9 -11862.2 -4312.22
-4441.83 -12081.7 -17118.5 -12040.7 -4377.09
-4507.82 -12263.3 -17370.1 -12219.2 -4441.95
-4583.54 -12519.5 -17646 -12408.9 -4510.9
-4672.26 -12480.9 -17878.2 -12607.2 -4584.88
-4728.11 -12516.6 -18147.4 -12824.5 -4665.6
-4783.97 -12547.3 -18415.8 -13043 -4747.36
-4839.82 -12577.5 -18684.5 -13261.2 -4828.64
-4894.91 -12600.3 -18952.3 -13480 -4910.15
-4950.93 -12633.9 -19220.6 -13697.5 -4991.39
-5006.73 -12664.8 -19488.8 -13915.4 -5072.68
-5062.49 -12695.7 -19756.8 -14133.3 -5153.94
-5118.26 -12726.7 -20024.9 -14351.1 -5235.19
-5174.06 -12757.9 -20292.8 -14568.8 -5316.39
-5229.84 -12789.2 -20560.7 -14786.5 -5397.58
-5285.62 -12820.7 -20828.4 -15004 -5478.71
-5341.42 -12852.2 -21096 -15221.5 -5559.83
-5397.43 -12884.3 -21363.6 -15438.9 -5640.91
-5456.49 -12923.3 -21627 -15652.2 -5720.58
-5521.04 -12983.8 -21850.7 -15848.5 -5794.89
-5592.69 -13054.2 -22065.3 -16038.6 -5867.18
-5664.98 -13130.1 -22275.8 -16226.5 -5938.7
-5737.8 -13209 -22484.6 -16413.3 -6009.88
-5809.07 -13271.9 -22697 -16604.8 -6082.91
-5855.69 -13350.7 -22885.4 -16803.9 -6160.64
-5874.15 -13473.9 -23034.3 -17004.8 -6241.01
-5882.03 -13591.2 -23175.5 -17209.4 -6323.4
-5883.9 -13704.1 -23313.1 -17416 -6406.82
-5882.98 -13815.8 -23450.1 -17624.3 -6490.95
-5869.33 -13917.4 -23576.3 -17836.2 -6577.11
-5870.81 -14033.4 -23718.5 -18043.5 -6660.74
-5871.09 -14142.8 -23858 -18253.5 -6745.57
-5867.83 -14253.4 -23994.2 -18462.7 -6829.58
-5864.71 -14363 -24131.2 -18671.5 -6914.47
-5861.33 -14471.8 -24267.8 -18881.2 -6999.35
-5858.32 -14582 -24405.6 -19090.5 -7083.92
-5855.01 -14691.3 -24543.2 -19299.4 -7168.43
-5847.35 -14803.1 -24671.7 -19491.5 -7246.72
-5845.47 -14920.7 -24806.8 -19681.9 -7324.19
-5842.56 -15043.4 -24947.8 -19864 -7398.44
-5877.15 -15135.4 -25097.9 -20029 -7466.19
-5917.8 -15214.3 -25234.6 -20181.2 -7530.24
-5971.93 -15286.2 -25377.8 -20334.4 -7594.29
-6026.86 -15370.3 -25524.8 -20486.6 -7658.78
-6091.42 -15430 -25662.6 -20633.8 -7719.58
-6151.77 -15506 -25809.2 -20787 -7783.24
-6213.22 -15581.5 -25954.1 -20935.1 -7845.52
-6276.43 -15652.3 -26096.8 -21083.2 -7907.58
-6340.95 -15722.1 -26239.2 -21230.5 -7969.3
-6406.28 -15791.3 -26381.3 -21377.3 -8030.93
-6472.27 -15860.8 -26523.3 -21523.2 -8092.22
-6537.51 -15928.9 -26664.7 -21671.1 -8153.78
-6616.71 -15999.3 -26755.8 -21812.7 -8214.71
-6699.25 -16126 -26788.1 -21953.4 -8278.25
-6755.13 -16324.1 -26753.8 -22085.9 -8342.18
-6807.43 -16533.8 -26735.1 -22224.9 -8408.18
-6813.14 -16780 -26608.9 -22349 -8473.91
-6840.08 -17017.1 -26555.7 -22487.3 -8541.61
-6820.22 -17290.2 -26404.7 -22613.1 -8609.44
-6834.89 -17539.6 -26336.7 -22751 -8678.18
-6839.89 -17792.8 -26241.3 -22883.3 -8745.45
-6838.23 -18052.6 -26135.4 -23015.1 -8813.5
-6832.2 -18317.4 -26024.3 -23146.8 -8881.74
-6823.09 -18585.5 -25910.4 -23278.6 -8950.08
-6774.36 -18889 -25738.1 -23406.7 -9020.13
-6742.14 -19180.4 -25603.8 -23536.7 -9088.32
-6726.79 -19457 -25477.2 -23663.4 -9154.68
-6719.32 -19749.6 -25279.3 -23778.8 -9221.6
-6703.92 -20056.2 -25042.9 -23883.4 -9287.35
-6678.8 -20373.2 -24787.6 -23987.7 -9354.22
-6652.03 -20691.7 -24530.4 -24092.1 -9421.28
-6624.23 -21012.1 -24273.7 -24195.1 -9487.73
-6597.82 -21334.4 -24015.1 -24293.3 -9552.02
-6603.41 -21595.1 -23865.5 -24404.1 -9614.56
-6614.33 -21848.7 -23720.4 -24513.9 -9676.16
-6623.37 -22102.9 -23586.4 -24616.7 -9735.54
-6624 -22352.5 -23469.1 -24700.6 -9789.66
-6636.47 -22580.4 -23378.6 -24781.9 -9841.83
-6661.41 -22786.9 -23339.1 -24871.4 -9894
-6695.07 -22973.9 -23285.2 -24932.1 -9938.54
-6734.86 -23154 -23269.4 -25008.6 -9986.12
-6780.23 -23320.9 -23260.8 -25078.4 -10031.4
-6830 -23478.6 -23259.1 -25141.6 -10074.6
-6889.7 -23618.1 -23266.8 -25194.9 -10114.6
-6964.36 -23735.5 -23286.9 -25236.6 -10150.7
-7083.17 -23784.2 -23336.3 -25236.3 -10173.4
-7224.26 -23805.4 -23406.4 -25228.6 -10193.2
-7385.15 -23798.2 -23495.6 -25208.4 -10208.5
-7609.01 -23707.3 -23637.9 -25140.2 -10208.2
-7793.12 -23660 -23765.3 -25110.5 -10219.3
-7987.96 -23600.6 -23890.2 -25067.6 -10226.8
-8139.68 -23593 -23982.1 -25062.2 -10246
-8341.4 -23524 -24123 -25006.2 -10249.1
-8484.16 -23517.4 -24217.1 -24998.6 -10267.6
-8632.59 -23523 -24334.5 -24993.9 -10286.3
-8824.93 -23461.4 -24470.4 -24941.9 -10290.3
-8967.24 -23470.2 -24573.5 -24940.6 -10310.3
-9112.88 -23476.2 -24671.2 -24934.8 -10329.2
-9258.54 -23482.7 -24767 -24924.9 -10347.5
-9392.85 -23501.6 -24867.6 -24920.1 -10367.6
-9497.48 -23554.9 -24963 -24932.4 -10393.3
-9590.24 -23627.1 -25045.5 -24952.8 -10421.5
-9674.94 -23712.3 -25117.8 -24977.7 -10451.5
-9754.04 -23807.1 -25183.2 -25005.9 -10482.6
-9828.99 -23907.4 -25242.9 -25036.3 -10514.4
-9904.53 -24008 -25303.2 -25067.6 -10546.3
-9978.69 -24110.5 -25362.9 -25098.8 -10578
-10052.4 -24213.7 -25421.8 -25130.8 -10610
-10113.2 -24332.2 -25476 -25169.9 -10644.5
-10170.2 -24460.1 -25523.2 -25211.8 -10679.8
-10224.2 -24592.8 -25567.7 -25255.5 -10715.9
-10276.6 -24728.2 -25610 -25300.1 -10752.2
-10330.2 -24860.9 -25653.4 -25345.4 -10788.7
-10388.7 -24993.2 -25702.1 -25382.1 -10824.4
-10446.5 -25128.4 -25751.7 -25413 -10859.3
-10504.4 -25265.3 -25799.6 -25442.8 -10894.1
-10560.2 -25407.8 -25846.2 -25475.8 -10929.7
-10614 -25553.4 -25890.8 -25509.6 -10965.5
-10666.7 -25700.4 -25934 -25543.9 -11001.5
-10720 -25850.2 -25973.8 -25577.3 -11037.8
-10773.7 -26001.5 -26015.5 -25607.3 -11073.6
-10826.8 -26154 -26055.2 -25636.1 -11109.4
-10879.4 -26307.1 -26094 -25665.1 -11145
-10931.8 -26460.3 -26132.5 -25693.8 -11180.5
-10986.2 -26619.8 -26156.7 -25713.9 -11214.6
-11045.6 -26786.1 -26207.3 -25726.8 -11248.6
-11102.2 -26953.2 -26244.6 -25730.3 -11279.8
-11155.7 -27123.1 -26276.5 -25730.4 -11308.4
-11213.6 -27282.8 -26310 -25730.4 -11334.8
-11277 -27431.8 -26349.2 -25731.2 -11359.6
-11341.6 -27578.2 -26390.5 -25732.3 -11383.1
-11406.5 -27720.6 -26421.7 -25721.4 -11401.1
-11472 -27865.6 -26462.9 -25719 -11421.2
-11533.8 -28016.4 -26512.1 -25728.2 -11444.2
-11588.8 -28169.5 -26553.7 -25735.6 -11461.9
-11645.1 -28316.7 -26597.2 -25741.6 -11477.6
-11702.2 -28460.3 -26643.2 -25746.8 -11491.6
-11754.4 -28605.9 -26690.1 -25751.2 -11502.8
-11805.4 -28741.5 -26730.2 -25751.2 -11501.9
-11858.4 -28878 -26778.3 -25758.2 -11503.1
-11911.3 -29020.9 -26831.8 -25773.3 -11510.8
-11966.2 -29152.2 -26880 -25766.9 -11507.5
-12019.7 -29294.4 -26932.2 -25766.2 -11508.6
-12070.6 -29440.5 -26983.6 -25766.3 -11511.1
-12120.8 -29593.8 -27040.6 -25774 -11519.3
-12169.4 -29738.4 -27084.4 -25767.6 -11518.9
-12219.7 -29891.6 -27140.5 -25773.6 -11526.4
-12268.4 -30041.4 -27189.9 -25774.9 -11531.2
-12317.1 -30186.3 -27231.7 -25767 -11529.7
-12367.1 -30335.1 -27279.6 -25765.1 -11531.8
-12417 -30488.2 -27333.5 -25771 -11539.2
-12465.5 -30638.6 -27382.3 -25772.9 -11544
-12508.9 -30791.2 -27427.9 -25776.3 -11544.2
-12553.5 -30933.3 -27469.9 -25774.6 -11538.3
-12601 -31080.8 -27524 -25784.9 -11540.6
-12651.1 -31230.5 -27566 -25789.6 -11541
-12701.1 -31373.7 -27619.2 -25773.9 -11534
-12752.6 -31524.8 -27682.6 -25767.5 -11534.6
-12799.5 -31670.9 -27735.7 -25766.4 -11525.9
-12843.4 -31818.6 -27787.1 -25764.9 -11515.9
-12887.2 -31966.5 -27838.8 -25763 -11505.6
-12931.2 -32114.3 -27890.7 -25761.3 -11495.2
-12975 -32261.6 -27942.5 -25759.6 -11484.6
-13018.8 -32408.7 -27994 -25757.9 -11473.7
-13062.6 -32555.9 -28046 -25756.4 -11463.1
-13106.8 -32702.7 -28098.2 -25754.9 -11452.2
-13149.7 -32850.8 -28150.4 -25754.8 -11441.6
-13192.4 -32996.1 -28203.7 -25756.9 -11431.3
-13236.9 -33137 -28257.4 -25759.3 -11420.6
-13283.4 -33276.4 -28313.4 -25763.2 -11410.2
-13330.6 -33416.7 -28369.6 -25767.9 -11400.2
-13375.3 -33559.5 -28424.2 -25772.2 -11390.9
-13419.7 -33702.9 -28478.7 -25776.4 -11381.7
-13464.3 -33847.1 -28533 -25780.6 -11372.9
-13508.6 -33992.3 -28586.3 -25784 -11364.5
-13550.5 -34138.4 -28638.4 -25790.9 -11354.4
-13589.7 -34285.6 -28689.5 -25800.9 -11343.6
-13627.9 -34433.7 -28740.4 -25812.1 -11332.4
-13665.6 -34581.9 -28791.1 -25823.6 -11321.1
-13703.8 -34729.1 -28842.1 -25835.2 -11309.6
-13741.5 -34876.2 -28892.8 -25846.8 -11297.9
-13779.2 -35023.2 -28943.4 -25858.4 -11286.2
-13816.7 -35169.1 -28993.6 -25869.7 -11274.4
-13854.2 -35314.7 -29043.7 -25880.5 -11262.4
-13891.4 -35460.1 -29093.4 -25891 -11250.3
-13927.3 -35607.5 -29142.2 -25901.5 -11238.5
-13963.3 -35754.9 -29190.7 -25911.1 -11226.4
-14000.3 -35900.7 -29240.1 -25921 -11214.3
-14037.2 -36046.3 -29290.2 -25931.6 -11202.6
-14073.4 -36192.2 -29340.9 -25943.3 -11191.6
-14109.3 -36335.6 -29390 -25953.9 -11180.4
-14147.6 -36479 -29441.3 -25964.6 -11169.4
-14185.9 -36619.6 -29491.1 -25974.1 -11157.9
-14225.2 -36761.2 -29540.5 -25982 -11146.4
-14264.4 -36900.7 -29597.7 -25983.4 -11133.9
-14301.1 -37040.9 -29654.8 -25983.1 -11121.5
-14331.7 -37180.9 -29711.5 -25983.5 -11110.5
-14363.3 -37319.3 -29767.7 -25982.3 -11099.3
-14395.2 -37456.6 -29823.5 -25980.7 -11087.9
-14427.4 -37592.9 -29879.2 -25978.5 -11076.2
-14459.5 -37727 -29934 -25976.2 -11064.4
-14491.6 -37860.6 -29988.4 -25972.9 -11052.3
-14524.4 -37994.3 -30039.8 -25969.1 -11040
-14557.7 -38127.1 -30093.2 -25963.2 -11027.7
-14590.9 -38259 -30145.9 -25956.2 -11014.9
-14623.9 -38391.1 -30198.6 -25949.3 -11002.2
-14656.5 -38524 -30252.3 -25943.8 -10990.6
-14689 -38657 -30306.2 -25938.6 -10979.2
-14720.6 -38790.7 -30360.6 -25934.8 -10968.4
-14753.3 -38921.4 -30416.1 -25931.9 -10957.9
-14784.7 -39051.3 -30470.7 -25930.2 -10947.2
-14815.7 -39181.3 -30525.5 -25929.2 -10936.3
-14846.7 -39311.4 -30580.3 -25928.5 -10925.4
-14879.9 -39445 -30634.9 -25927 -10914.2
-14913.5 -39578.3 -30688.4 -25923.6 -10902.9
-14947.2 -39712.1 -30741.6 -25918.9 -10891.5
-14981.6 -39847.7 -30795.8 -25913.9 -10880.6
-15018.3 -39977.1 -30850.8 -25909.2 -10869.7
-15055.1 -40107.2 -30906.7 -25905.6 -10859.4
-15092.1 -40238 -30963.5 -25903.3 -10850.1
-15129 -40368.7 -31020.4 -25901.3 -10840.6
-15166.1 -40499.7 -31077.3 -25899.3 -10831.6
-15202.4 -40629 -31133 -25896.9 -10822.1
-15239.5 -40759.3 -31191.8 -25896.9 -10813.5
-15275.7 -40886.8 -31252.5 -25900.9 -10805.9
-15311.3 -41014.6 -31313.2 -25905.7 -10798.6
-15345.5 -41142.6 -31373.4 -25910.8 -10791.6
-15378.7 -41268.3 -31432.5 -25915.9 -10784.7
-15413.4 -41393.7 -31493.5 -25921.5 -10780
-15451.4 -41518.4 -31554.8 -25923 -10776.7
-15489.6 -41642.7 -31616 -25922.9 -10773.7
-15528.6 -41766.6 -31676.7 -25921.6 -10770.8
-15560.6 -41902.3 -31734.9 -25919.8 -10767.6
-15589.4 -42041.2 -31791.5 -25916.8 -10764
-15615.4 -42181.3 -31846.5 -25913.4 -10760.1
-15643.7 -42316.8 -31903 -25910.5 -10756.4
-15670 -42454.1 -31957.2 -25906.1 -10752.2
-15696.6 -42590.3 -32011.8 -25901.6 -10748
-15725.9 -42721.4 -32067.7 -25897.8 -10743.8
-15755.1 -42852.1 -32123.5 -25895 -10739.6
-15784.2 -42982.8 -32179.5 -25892.9 -10735.7
-15813.2 -43113.6 -32236.1 -25892.1 -10732.3
-15842 -43243.9 -32292.6 -25891.5 -10729
-15873.2 -43369.7 -32350 -25892.1 -10726
-15904.4 -43495.3 -32407.6 -25893.7 -10723.2
-15936.2 -43619.7 -32466 -25896.7 -10719.7
-15967.3 -43743.6 -32524.7 -25901.2 -10716.6
-15993.7 -43870.4 -32583.9 -25907.5 -10714.3
-15840.3 -44191.9 -32630.5 -25802.9 -10694.8
-15857.8 -44326.3 -32687.2 -25802.1 -10697
-15876.9 -44459 -32749.4 -25801.1 -10696.8
-15896.2 -44591 -32810.2 -25796.9 -10695.5
-15915.5 -44722 -32870.9 -25792.5 -10694.6
-15931.8 -44854 -32930.7 -25789 -10693.9
-15946.2 -44985 -32989.7 -25786.1 -10693.1
-15959.7 -45114.1 -33048.9 -25783 -10693.1
-15970.7 -45239.6 -33106.9 -25780.3 -10694
-15981.6 -45359.6 -33166.8 -25779.9 -10695.1
-16004.7 -45465.2 -33231 -25788.6 -10696.9
-16025.4 -45567.5 -33294.5 -25798.8 -10699.6
-16047.2 -45668.3 -33357.6 -25808.6 -10702.7
-16071.4 -45764 -33422.2 -25822 -10702.9
-16094.7 -45848.8 -33488.9 -25841.3 -10705.8
-16116.5 -45932.6 -33555.3 -25862.5 -10709
-16140.4 -46008.1 -33624.9 -25888.5 -10707.1
-16162.3 -46070.8 -33697.6 -25920.4 -10707.7
-16182.2 -46130.3 -33770.5 -25954.2 -10708.7
-16200.5 -46188.4 -33844.4 -25989.6 -10710.5
-16217.5 -46244.7 -33918.8 -26026 -10711.5
-16234.7 -46293.9 -33992.1 -26062.1 -10714.7
-16250.4 -46344.5 -34066.3 -26100.6 -10716.5
-16264.9 -46381.8 -34139.6 -26145.5 -10718.5
-16279.1 -46420 -34214.9 -26196.5 -10719.8
-16291.3 -46453.6 -34288.3 -26248.1 -10721.7
-16300.3 -46486.7 -34363 -26302.7 -10722.3
-16296.9 -46507.9 -34435.7 -26364.5 -10721.6
-16294.8 -46532 -34512.6 -26430.8 -10721.1
-16301.5 -46562.9 -34587.3 -26491.3 -10722.2
-16302.7 -46586.2 -34661.8 -26554.5 -10723.6
-16289.4 -46598.4 -34736.8 -26627 -10723.9
-16281.4 -46613.3 -34812.9 -26696.8 -10723.4
-16268.3 -46623.4 -34888.4 -26770 -10725.4
-16257.9 -46631.5 -34965.3 -26842.3 -10727.8
-16244.6 -46632 -35044.3 -26920.8 -10732.1
-16240.9 -46641.9 -35123.8 -26997.2 -10738.5
-16231.4 -46645.3 -35204.1 -27077.5 -10746.8
-16219.4 -46645 -35283.9 -27159.4 -10755.4
-16205.8 -46641.8 -35362.1 -27240.9 -10764.2
-16190.4 -46639.5 -35444.3 -27325.7 -10772.8
-16172.5 -46635.9 -35521.8 -27409.7 -10783.1
-16153.5 -46632.2 -35603.2 -27498.5 -10793.2
-16134.8 -46627.8 -35681 -27584.9 -10804.6
-16116.4 -46622.8 -35763 -27672.3 -10815.2
-16098.1 -46613.4 -35842.8 -27758.2 -10826.4
-16079.6 -46600.3 -35925.7 -27846.2 -10836.6
-16058.3 -46585.7 -36006.9 -27934.9 -10846.3
-16018.9 -46555.6 -36095.4 -28039.6 -10852.3
-15983.1 -46527.7 -36183.3 -28140.9 -10855.8
-15944.1 -46505.5 -36270.2 -28242.5 -10858.7
-15905.7 -46483 -36355.8 -28343.6 -10861.6
-15867.1 -46460.7 -36441 -28444.7 -10864.6
-15851.3 -46449.9 -36518 -28534 -10874.2
-15834.8 -46438.1 -36601 -28627.2 -10884.6
-15817.1 -46425.7 -36677.6 -28715.5 -10896.4
-15788.2 -46400.9 -36758.4 -28808.2 -10905.6
-15770.1 -46381.7 -36837.4 -28891.9 -10915.8
-15753.9 -46364.7 -36917.1 -28972.6 -10926.2
-15728.9 -46331.5 -36995.6 -29052.4 -10932.5
-15699.5 -46285.2 -37076.1 -29129.2 -10936.1
-15674.4 -46247.5 -37154.3 -29206 -10942.2
-15648.5 -46209.5 -37232.4 -29282.9 -10948.2
-15642.1 -46182.6 -37311.7 -29355.7 -10962.9
-15635.5 -46155.4 -37393.3 -29423.5 -10978.8
-15632.1 -46136.1 -37470.2 -29495.1 -10997.5
-15623.2 -46106.8 -37546.5 -29566.6 -11015.5
-15616.3 -46079.2 -37622.5 -29637.1 -11033
-15614 -46063.6 -37675.3 -29720.7 -11056.2
-15609.3 -46045.6 -37729.4 -29806.1 -11080.3
-15603.8 -46017.6 -37783 -29892.7 -11106.5
-15602.8 -45999.1 -37838.7 -29976.6 -11132.7
-15599.8 -45979 -37894 -30061.3 -11159.7
-15596.3 -45958.2 -37949.2 -30146.5 -11186.9
-15592.1 -45937.6 -38004.3 -30232.3 -11213.7
-15588 -45916.5 -38059.2 -30318.4 -11240.4
-15589.7 -45913 -38108.2 -30401.7 -11264
-15586.9 -45906.3 -38143.2 -30497.7 -11293.2
-15575.4 -45886.9 -38174.4 -30595.7 -11326.2
-15575.6 -45882.9 -38209.9 -30688.4 -11354
-15570.8 -45874.1 -38242.9 -30782.3 -11384
-15555.7 -45856.7 -38274.1 -30880.3 -11417.3
-15552.7 -45853.8 -38308.8 -30972.9 -11445.8
-15545.5 -45847 -38342.7 -31067.9 -11476.1
-15528.4 -45830.5 -38373.4 -31165.7 -11510.1
-15523.7 -45828.3 -38408.2 -31258.9 -11539.3
-15515.7 -45823.8 -38441.4 -31353.7 -11570.4
-15506.5 -45818.6 -38474.3 -31446.7 -11601.4
-15497.6 -45814.4 -38504 -31540.3 -11632.7
-15481.2 -45801.5 -38529.4 -31636 -11667
-15478.1 -45802 -38560.5 -31726.7 -11696.1
-15471.2 -45799.3 -38589.6 -31818.1 -11726.8
-15463.2 -45795.2 -38618.6 -31909.7 -11757.9
-15448 -45783.7 -38644.6 -32002 -11790.7
-15444.4 -45784.8 -38675.3 -32092.5 -11820.1
-15429.5 -45776.3 -38701.7 -32185.9 -11853.8
-15425.7 -45778.8 -38732 -32277.9 -11884
-15405.9 -45766.8 -38754.7 -32371.7 -11918.5
-15394.4 -45759.9 -38779.3 -32461.2 -11949
-15382.7 -45747.9 -38803.9 -32548.1 -11979.7
-15368.8 -45726.9 -38827.6 -32629.9 -12010.6
-15356.7 -45712.3 -38852.9 -32717.1 -12042.8
-15342.8 -45693.3 -38877.1 -32802 -12075
-15341.7 -45698.9 -38909.4 -32897.2 -12106.7
-15327.6 -45692.2 -38935.4 -32995.1 -12143
-15315.2 -45687.1 -38962.3 -33092.6 -12178.1
-15303.4 -45682.1 -38988.8 -33187.7 -12212.4
-15291.9 -45676.9 -39015.2 -33281.9 -12246.5
-15280.7 -45672 -39041.4 -33375.4 -12280.4
-15274.9 -45670.6 -39067.1 -33463.7 -12313
-15266.6 -45670.5 -39097.3 -33561.5 -12346
-15256.5 -45667.9 -39124.1 -33656.1 -12379.8
-15245.7 -45664.8 -39149.2 -33748.4 -12413.6
-15235.1 -45662.5 -39174.3 -33840.5 -12446.7
-15223.9 -45659.4 -39197.9 -33930.8 -12480.1
-15213.3 -45657.8 -39222.5 -34022.8 -12512.7
-15202.7 -45656.4 -39245.9 -34113.4 -12545.4
-15192.4 -45656 -39268.9 -34203.7 -12577.7
-15182.4 -45655.9 -39290.6 -34293 -12609.9
-15172.8 -45657 -39312.4 -34382.5 -12641.6
-15163 -45657.9 -39333.1 -34470.9 -12673.3
-15151.8 -45661 -39353.6 -34559.8 -12705.1
-15140.4 -45664.4 -39373.3 -34648.4 -12736.8
-15130.5 -45673.9 -39394.4 -34726.5 -12768.6
-15120.6 -45685.2 -39417.9 -34801.8 -12799.4
-15110.5 -45696.9 -39440.6 -34875.9 -12830.2
-15100.2 -45709 -39462.7 -34949.3 -12861
-15089.9 -45721.2 -39484.3 -35022.4 -12891.8
-15079.3 -45733.7 -39505.1 -35095 -12922.7
-15068.9 -45746.9 -39525.6 -35168.2 -12953.6
-15058 -45760 -39544.7 -35240.1 -12984.7
-15046.8 -45773.2 -39563.2 -35312.3 -13016
-15035.2 -45786.6 -39580.6 -35384.2 -13047.4
-15023.5 -45800.9 -39597.3 -35456.1 -13078.9
-15011.4 -45814.8 -39612.2 -35526.3 -13110.5
-14999.5 -45829.7 -39626.8 -35596.9 -13142
-14987.4 -45844.9 -39640.3 -35667 -13173.7
-14975.2 -45860.5 -39652.6 -35736.5 -13205.2
-14962.8 -45876.5 -39664 -35805.3 -13237
-14950.3 -45893 -39674.1 -35873.7 -13268.7
-14937.6 -45910 -39683.1 -35941.8 -13300.4
-14924.7 -45927.3 -39690.9 -36009.5 -13332.1
-14911.7 -45945.4 -39697.2 -36077 -13363.6
-14898.3 -45963.8 -39702.1 -36144.1 -13395
-14884.6 -45982.6 -39705.8 -36211 -13426.6
-14870.6 -46001.8 -39708.3 -36278 -13458.5
-14856.3 -46021.5 -39709.5 -36345 -13490.7
-14841.7 -46041.5 -39709.5 -36411.8 -13523
-14826.9 -46062 -39708.2 -36478.1 -13555.5
-14811.4 -46082.2 -39705.9 -36544.4 -13588.4
-14795.4 -46102.3 -39702.5 -36610.3 -13621.4
-14779.2 -46122.8 -39697.9 -36675.9 -13654.5
-14763 -46143.8 -39692.3 -36741 -13687.6
-14746.8 -46165.5 -39685.7 -36805.5 -13720.6
-14730.4 -46187.7 -39678.2 -36869.6 -13753.7
-14713.5 -46209.8 -39669.5 -36933.2 -13786.8
-14696.3 -46232.1 -39659.9 -36996.6 -13819.9
-14678.9 -46254.8 -39649.5 -37059.7 -13853
-14661.2 -46277.8 -39638.4 -37122.2 -13886
-14643.5 -46301 -39626.6 -37184.5 -13919.1
-14625.8 -46324.6 -39614.4 -37246.2 -13951.9
-14607.9 -46348.3 -39601.5 -37307.6 -13984.9
-14589.8 -46372 -39588.1 -37368.9 -14018
-14571.3 -46395.6 -39574.1 -37430.2 -14051.2
-14552.7 -46419.2 -39559.7 -37491.1 -14084.4
-14534.1 -46442.9 -39545 -37551.9 -14117.7
-14515.3 -46466.6 -39529.8 -37612.4 -14151
-14496.7 -46490.5 -39514.8 -37672 -14184.6
-14478.3 -46514.5 -39499.7 -37730.8 -14218.2
-14459.9 -46538.7 -39484.3 -37789.6 -14251.9
-14441.5 -46563.1 -39468.7 -37848.4 -14285.7
-14423 -46587.6 -39452.8 -37907.2 -14319.5
-14404.4 -46612.2 -39436.6 -37965.8 -14353.4
-14385.6 -46636.2 -39420.2 -38024.5 -14387.5
-14366.5 -46660.1 -39403.5 -38082.9 -14421.8
-14347.4 -46684.5 -39386.8 -38140.7 -14456.1
-14328.3 -46709.8 -39369.5 -38197.3 -14490.2
-14309.3 -46735.7 -39351.9 -38253.5 -14524
-14290.1 -46762.1 -39333.8 -38309.4 -14557.8
-14272.1 -46794.5 -39328 -38357.8 -14590
-14253.6 -46827.5 -39318.1 -38398.7 -14620.8
-14235.3 -46861 -39307.9 -38438.9 -14651.8
-14217.1 -46895.3 -39297 -38478.2 -14682.2
-14199.1 -46930 -39285.8 -38517 -14712.6
-14181 -46965.1 -39274.3 -38555 -14742.7
-14163.1 -47000.5 -39262.6 -38592.6 -14772.8
-14145.2 -47035.9 -39250.5 -38629.9 -14802.3
-14127.5 -47071.8 -39238.8 -38665.3 -14833.1
-14109.8 -47107.5 -39225.9 -38702.6 -14861.6
-14092.4 -47143.5 -39213.5 -38737.7 -14891.4
-14075 -47179.6 -39200.7 -38772.7 -14920.8
-14057.9 -47215.9 -39187.8 -38806.8 -14950.1
-14040.9 -47252.4 -39174.7 -38840.3 -14979.4
-14024.2 -47289 -39161.4 -38872.8 -15008.6
-14008.5 -47325.5 -39149.7 -38902.6 -15038.9
-13993.6 -47361.5 -39138.6 -38930.5 -15068.4
-13978.8 -47397.5 -39127.7 -38957.1 -15098.5
-13964.2 -47433.9 -39116.6 -38982.6 -15128.4
-13949.8 -47469.1 -39112 -39004.9 -15157.9
-13935.7 -47504.8 -39110.7 -39024 -15187
-13921.5 -47540.6 -39109.3 -39038.9 -15215.7
-13907.9 -47577.3 -39108 -39052 -15244.1
-13894.5 -47614.9 -39114.3 -39066 -15272.1
-13878.3 -47650.1 -39175.5 -39059.5 -15297.8
-13860.5 -47684.4 -39257.7 -39019.8 -15320.5
-13841.7 -47718.8 -39354.9 -38956.8 -15340.5
-13821.7 -47753.1 -39463.2 -38876.7 -15359
-13800.7 -47787.5 -39579.7 -38783.6 -15375.9
-13778.8 -47822.2 -39702.8 -38680 -15391.8
-13751.1 -47854.8 -39899.7 -38538.9 -15405.2
-13723.5 -47889.6 -40119.7 -38385.4 -15414.5
-13692.1 -47922.9 -40363.7 -38189.5 -15421.2
-13656.8 -47957.2 -40630 -37962.4 -15425
-13613.9 -47992.6 -40936 -37716.9 -15425
-13569.8 -48025.4 -41292.4 -37431.6 -15417.1
-13519.7 -48062.3 -41689.6 -37114.7 -15403.5
-13464.9 -48098 -42121.9 -36748 -15384.5
-13405.3 -48135.1 -42564.8 -36357.7 -15360.7
-13344 -48171.7 -43024.4 -35944.5 -15334.8
-13276.2 -48207.5 -43467.8 -35531.6 -15307.8
-13206 -48249.1 -43880.4 -35141 -15283.6
-13136.5 -48289.2 -44286.5 -34758.3 -15260.7
-13067.8 -48331.6 -44682.6 -34393.2 -15240.2
-12996.4 -48375.2 -45057 -34039.5 -15221.7
-12920.7 -48423.8 -45361.8 -33738.4 -15211.8
-12812.2 -48472.8 -45705.9 -33365.1 -15191.7
-12759.4 -48523.7 -45926 -33176.6 -15195.6
-12675.2 -48574 -46193.9 -32913.6 -15192.7
-12606 -48622.4 -46433 -32694.1 -15194.8
-12567.9 -48669.3 -46609.7 -32569.4 -15208
-12523.2 -48715.7 -46791.4 -32435.8 -15220.8
-12477 -48763.1 -46977.3 -32297.2 -15232.7
-12428.8 -48808.6 -47163.9 -32153.8 -15244.1
-12379.8 -48852.4 -47350.3 -32010 -15256.2
-12330.2 -48895.6 -47537.6 -31864.9 -15268.5
-12280.2 -48938.6 -47724.8 -31717.7 -15280.5
-12230.4 -48984.5 -47874.5 -31592.4 -15297.1
-12182.9 -49029.8 -48015.9 -31479.3 -15315.4
-12136.9 -49075 -48150.3 -31374.8 -15334.6
-12091.9 -49120.2 -48278.8 -31276.1 -15353.8
-12047.8 -49165.5 -48403.4 -31181.1 -15373
-12004.4 -49211 -48526.3 -31088.1 -15392.3
-11961.5 -49256.7 -48646.3 -30997.5 -15411.5
-11919.4 -49302.9 -48758.8 -30911.4 -15431.4
-11877.9 -49349.6 -48862 -30833 -15451.5
-11837.1 -49395 -48962.1 -30757.7 -15472.2
-11796.4 -49441.2 -49059.6 -30684.9 -15492.8
-11758.1 -49487.6 -49156.9 -30615.7 -15513.7
-11719.1 -49532.8 -49251.5 -30547 -15534.4
-11679 -49578.4 -49345.2 -30479.1 -15555.6
-11640.5 -49626.1 -49440.1 -30413.1 -15576.6
-11601.5 -49672.7 -49534.2 -30345.8 -15597.6
-11562.9 -49718.6 -49628.5 -30278.1 -15618.5
-11525 -49763.9 -49723 -30210.1 -15639.3
-11486.4 -49809.8 -49817.3 -30142.5 -15660.3
-11447.4 -49856 -49911.9 -30075 -15681.4
-11408.2 -49902.2 -50008.2 -30006.2 -15702.6
-11369 -49948.3 -50104.9 -29936.9 -15723.7
-11330.4 -49993.9 -50201.7 -29867.2 -15744.6
-11294.7 -50037.4 -50299.6 -29798 -15764.9
-11254.5 -50080.7 -50395.5 -29732.8 -15785.6
-11212.2 -50124.1 -50494.1 -29667.5 -15807.4
-11168.8 -50168.3 -50597.2 -29598.6 -15828.9
-11123.7 -50211.4 -50705.7 -29525.8 -15851.6
-11078.3 -50255.1 -50815.6 -29451.3 -15873.7
-11032.1 -50298.9 -50929.9 -29373.8 -15896.1
-10985 -50341.8 -51047 -29293.5 -15918.4
-10936.6 -50380 -51166.8 -29214.9 -15940.9
-10887.1 -50418.7 -51287.3 -29137.3 -15963.6
-10837 -50457.6 -51408.1 -29059.9 -15986.4
-10786.7 -50496.6 -51529.1 -28982.4 -16009.2
-10736.4 -50535.6 -51650.3 -28904.8 -16031.9
-10685.9 -50574.5 -51771.6 -28827.2 -16054.6
-10635.4 -50613.6 -51893 -28749.5 -16077.3
-10584.9 -50652.6 -52014.4 -28671.9 -16100
-10534.4 -50691.8 -52135.8 -28594 -16122.7
-10483.9 -50730.9 -52257.2 -28516.1 -16145.4
-10433.4 -50770.1 -52379.5 -28451.9 -16168
-10379 -50801.1 -52496.5 -28392.5 -16189
-10323.7 -50828.6 -52619.3 -28331.5 -16212.6
-10267.7 -50854.7 -52744.2 -28268 -16236.3
-10211.6 -50880.9 -52870.2 -28202.5 -16259.6
-10155.1 -50907.1 -52996.8 -28136.2 -16282.7
-10098.6 -50933.6 -53123.9 -28069 -16305.4
-10041.9 -50959.7 -53251.1 -28001.5 -16328.3
-9985.05 -50986 -53378.7 -27934 -16351.3
-9928.3 -51012.4 -53506.4 -27865.9 -16373.9
-9871.48 -51038.8 -53634.3 -27797.7 -16396.6
-9814.65 -51065.3 -53762.2 -27729.2 -16419.1
-9757.9 -51092 -53890.1 -27660.6 -16441.6
-9701.22 -51118.8 -54018.1 -27591.8 -16464
-9644.55 -51145.5 -54146 -27523 -16486.4
-9587.94 -51172.4 -54274 -27454.1 -16508.7
-9531.31 -51199.3 -54401.9 -27385.2 -16531
-9474.8 -51226.2 -54529.7 -27316.1 -16553.2
-9418.31 -51253.2 -54657.5 -27247.1 -16575.4
-9361.66 -51279.8 -54784.8 -27178.3 -16597.6
-9303.19 -51306 -54911.2 -27111.7 -16620.9
-9243.37 -51330.5 -55038.1 -27046.6 -16646.6
-9183.61 -51355.5 -55164.5 -26981.6 -16672.1
-9122.81 -51378.1 -55293.1 -26915.4 -16699
-9062.55 -51401.7 -55421.4 -26848.4 -16724.9
-9002.29 -51425.4 -55549.5 -26781.5 -16750.9
-8942.11 -51449.4 -55677.6 -26714.5 -16776.6
-8881.93 -51473.3 -55805.3 -26647.9 -16802.5
-8821.98 -51497.6 -55932.6 -26581.3 -16828.1
-8761.63 -51520.6 -56061.8 -26513.3 -16854.2
-8701.55 -51544.4 -56190.1 -26445.6 -16879.8
-8641.35 -51567.9 -56319.3 -26377.3 -16905.6
-8580.82 -51591.1 -56450.7 -26307.5 -16931.3
-8516.92 -51608.6 -56579.9 -26262.9 -16956
-8453.36 -51623.9 -56713.5 -26211.2 -16978.3
-8388.67 -51635.2 -56849.9 -26157.2 -17001.6
-8320.64 -51636.2 -56988.4 -26105.9 -17036.9
-8252.42 -51629.9 -57128.6 -26051.7 -17075.4
-8182.95 -51622.9 -57270.9 -25995.2 -17114.7
-8112.82 -51614.9 -57414.4 -25936.8 -17154
-8042.49 -51606.1 -57559 -25877.4 -17193.5
-7971.48 -51597.7 -57704.2 -25817.5 -17233.1
-7900.32 -51589.1 -57849.9 -25756.9 -17272.5
-7828.93 -51580.5 -57995.9 -25696 -17312.1
-7757.15 -51572.1 -58142.1 -25634.8 -17351.5
-7685.18 -51563.9 -58288.5 -25573.3 -17390.9
-7613.1 -51555.7 -58435 -25511.7 -17430.2
-7541.27 -51547.7 -58580.7 -25451 -17470
-7469.18 -51539.4 -58728.3 -25387.9 -17508.8
-7397.1 -51531.2 -58875.5 -25325.3 -17547.8
-7325.02 -51522.9 -59019.8 -25265 -17587.3
-7253 -51514.7 -59162.1 -25206.3 -17627
-7180.91 -51506.4 -59305.2 -25146.7 -17666.8
-7108.94 -51498.5 -59448.3 -25087 -17706.3
-7036.91 -51490.4 -59591.6 -25027.2 -17745.8
-6965.01 -51482.7 -59735 -24967.1 -17785.1
-6892.98 -51474.7 -59878.8 -24906.7 -17824.6
-6820.94 -51466.6 -60022.7 -24846.2 -17863.4
-6748.86 -51458.8 -60167.8 -24784.4 -17903
-6676.77 -51450.8 -60312.6 -24722.7 -17942.1
-6604.72 -51442.9 -60457.6 -24660.7 -17981.1
-6532.63 -51435 -60603 -24598.4 -18020.1
-6460.58 -51427.2 -60748.8 -24535.4 -18058.8
-6387.99 -51418.8 -60895.4 -24478.2 -18096.1
-6311.02 -51401.5 -61046.2 -24421.1 -18144.6
-6231.57 -51376.9 -61201.8 -24361.2 -18196.7
-6151.01 -51350.3 -61360.6 -24298.5 -18249.3
-6069.8 -51323.4 -61521.8 -24233.9 -18301.7
-5987.83 -51295.7 -61684.3 -24167.7 -18354.3
-5905.28 -51267.7 -61848.4 -24100.2 -18406.8
-5821.71 -51239.1 -62016.2 -24030.2 -18459.2
-5738.1 -51210.4 -62183.7 -23959.7 -18511.6
-5654.3 -51181.8 -62352 -23888.2 -18563.8
-5570.41 -51152.8 -62521.6 -23815.7 -18615.9
-5485.8 -51124.1 -62691.2 -23742.2 -18667.9
-5402.16 -51096.2 -62856.5 -23670.4 -18720.3
-5318.25 -51068.7 -63022.5 -23598 -18772.4
-5234.73 -51041.8 -63189.4 -23525.2 -18824
-5151.03 -51014.7 -63357.1 -23451.8 -18875.6
-5067.23 -50987.6 -63525.8 -23377.5 -18927.1
-4983.34 -50960.5 -63695.5 -23302.2 -18978.3
-4899.33 -50933.2 -63866.5 -23225.9 -19029.3
-4815.04 -50905.9 -64038.7 -23148.4 -19080.2
-4730.5 -50878.5 -64212.1 -23069.9 -19131
-4645.35 -50851.1 -64388.3 -22989.3 -19181.7
-4558.65 -50821.5 -64566.3 -22907.3 -19237.2
-4471.74 -50789.4 -64746 -22824.3 -19293.3
-4383.98 -50756.2 -64928.8 -22738.8 -19349.6
-4295.6 -50722.5 -65113.8 -22651.5 -19405.9
-4206.07 -50687.9 -65302.1 -22561.9 -19461.9
-4116.48 -50653.3 -65491.3 -22470.9 -19517.8
-4029.78 -50619.6 -65664.8 -22382.8 -19576.2
-3945.38 -50589 -65831.8 -22300.3 -19634.2
-3861.98 -50559.3 -65997.3 -22219.4 -19691.9
-3779.74 -50530.5 -66160.9 -22139.7 -19749.3
-3697.68 -50502.1 -66325.9 -22059.5 -19806.4
-3615.68 -50473.6 -66491.6 -21978.7 -19863.2
-3533.65 -50445.1 -66658.1 -21897.4 -19920
-3451.62 -50416.8 -66825.5 -21815.2 -19976.4
-3369.53 -50388.5 -66993.9 -21732.1 -20032.7
-3287.24 -50360.1 -67163.5 -21648.2 -20088.8
-3204.8 -50331.6 -67334.3 -21563.1 -20144.8
-3121.9 -50303.6 -67504.4 -21476.3 -20200.6
-3040.6 -50277.1 -67669.4 -21392.4 -20256.7
-2959.66 -50251.1 -67834.4 -21308.4 -20312.4
-2878.92 -50225.3 -67998.1 -21224.9 -20368.2
-2798.49 -50199.3 -68162.4 -21141 -20423.8
-2721.06 -50176.8 -68307.6 -21061.6 -20480.4
-2646.09 -50157.3 -68437.2 -20992.1 -20537.9
-2573.44 -50141.3 -68562.2 -20928.7 -20594.8
-2502.33 -50127.2 -68686.9 -20867.7 -20650.5
-2431.26 -50112.4 -68811.1 -20805.4 -20706.4
-2360.51 -50097.8 -68935.6 -20742.9 -20762.4
-2289.9 -50083.4 -69060.6 -20680.1 -20818.2
-2221.36 -50070.1 -69173.1 -20619.2 -20874.6
-2156.33 -50060.1 -69268.8 -20569 -20931.7
-2093.18 -50052.4 -69362.6 -20522.2 -20987.9
-2030.94 -50045.6 -69455.5 -20477.3 -21043.4
-1969.38 -50039.2 -69547.1 -20431.7 -21099
-1909.23 -50033.8 -69633.9 -20390.5 -21154.6
-1849.36 -50028.3 -69719.7 -20350 -21210.4
-1791.05 -50023.2 -69797.8 -20311.3 -21267.2
-1735.25 -50020.4 -69866.9 -20278.7 -21325
-1680.29 -50018.3 -69934.8 -20247.1 -21382.4
-1625.88 -50016.6 -70002.2 -20216.2 -21439.6
-1571.89 -50015.3 -70069.5 -20185.3 -21496.7
-1518.13 -50014.2 -70136.7 -20154.5 -21553.6
-1464.55 -50013.2 -70204 -20123.5 -21610.3
-1411.16 -50012.5 -70271.2 -20092.2 -21666.8
-1357.85 -50011.9 -70338.6 -20060.8 -21723.3
-1304.64 -50011.4 -70406 -20029.1 -21779.5
-1251.45 -50011 -70473.7 -19997 -21835.7
-1198.41 -50010.8 -70541.4 -19964.6 -21891.7
-1145.48 -50010.7 -70608.9 -19932.2 -21947.6
-1092.58 -50010.7 -70676.7 -19899.5 -22003.3
-1039.68 -50010.7 -70744.4 -19866.7 -22059
-986.993 -50011.1 -70812.4 -19833.1 -22114.3
-934.503 -50011.9 -70880.8 -19799.1 -22169.4
-882.132 -50012.9 -70949.3 -19764.2 -22224.4
-829.931 -50014.2 -71018 -19729.2 -22279.2
-777.632 -50015.4 -71086.7 -19693.6 -22334.1
-725.412 -50017 -71155.6 -19657.9 -22388.9
-673.289 -50018.8 -71224.7 -19621.9 -22443.4
-621.17 -50020.6 -71293.8 -19585.7 -22497.8
-569.136 -50022.5 -71362.9 -19549.2 -22552.1
-517.158 -50024.5 -71432 -19512.6 -22606.3
-465.3 -50026.7 -71501 -19475.6 -22660.3
-414.119 -50029.3 -71566.9 -19439.8 -22714.7
-363.082 -50031.9 -71632.4 -19404.6 -22769
-312.221 -50034.8 -71697.7 -19369.4 -22823.2
-261.537 -50037.9 -71762.9 -19334.2 -22877.1
-210.964 -50041.2 -71828 -19298.9 -22931
-160.519 -50044.6 -71893.1 -19263.4 -22984.7
-110.113 -50048 -71958.1 -19227.9 -23038.4
-59.9111 -50051.7 -72023.2 -19191.9 -23091.8
-9.93274 -50055.8 -72088.6 -19155.5 -23145
39.8606 -50060.2 -72154 -19118.4 -23198
89.5821 -50064.8 -72219.3 -19081.3 -23250.8
139.28 -50069.5 -72284.6 -19044 -23303.6
188.884 -50074.3 -72349.9 -19006.6 -23356.2
238.429 -50079.3 -72415.1 -18969 -23408.7
287.86 -50084.4 -72480.3 -18931.2 -23461.1
337.215 -50089.6 -72545.5 -18893.3 -23513.3
386.475 -50094.9 -72610.7 -18855.1 -23565.4
435.681 -50100.4 -72675.8 -18816.8 -23617.4
484.875 -50106.2 -72740.8 -18778.4 -23669.3
533.919 -50111.9 -72805.9 -18739.8 -23721.1
582.871 -50117.7 -72871 -18701 -23772.7
631.732 -50123.7 -72936 -18662 -23824.2
680.512 -50129.7 -73001.1 -18622.9 -23875.5
729.203 -50135.9 -73066 -18583.6 -23926.8
777.81 -50142.2 -73131 -18544.1 -23977.9
826.34 -50148.7 -73195.9 -18504.5 -24028.9
874.776 -50155.2 -73260.7 -18464.8 -24079.8
922.995 -50161.5 -73325.7 -18424.8 -24130.5
971.238 -50168.2 -73390.4 -18384.8 -24181.1
1019.52 -50174.9 -73455 -18344.7 -24231.6
1067.61 -50181.9 -73519.6 -18304.4 -24282
1115.64 -50189 -73584.2 -18264 -24332.3
1163.57 -50196.2 -73648.8 -18223.4 -24382.4
1211.43 -50203.6 -73713.3 -18182.7 -24432.5
1259.22 -50211.1 -73777.9 -18141.8 -24482.5
1306.97 -50218.6 -73842.4 -18100.8 -24532.3
1354.64 -50226.3 -73906.9 -18059.5 -24582
1402.26 -50234.1 -73971.3 -18018.1 -24631.6
1449.75 -50242 -74035.7 -17976.6 -24681.1
1497.15 -50250.1 -74100 -17934.9 -24730.4
1544.47 -50258.3 -74164.3 -17893 -24779.6
1591.69 -50266.6 -74228.6 -17851 -24828.7
1638.82 -50275.1 -74292.7 -17808.2 -24877.7
1685.77 -50283.9 -74356.8 -17765.5 -24927.2
1732.65 -50292.8 -74420.8 -17722.6 -24976.3
1779.42 -50301.8 -74484.8 -17679.4 -25025.2
1826.1 -50310.9 -74548.7 -17636.2 -25074
1872.67 -50320.2 -74612.5 -17592.7 -25122.7
1919.21 -50329.5 -74676.3 -17549.1 -25171.3
1965.6 -50339 -74740.1 -17505.3 -25219.7
2011.9 -50348.7 -74803.8 -17461.4 -25267.9
2058.11 -50358.5 -74867.4 -17417.3 -25316.1
2104.18 -50368.5 -74931.1 -17373.2 -25364.1
2150.24 -50378.5 -74994.6 -17328.8 -25412
2196.16 -50388.7 -75058.1 -17284.2 -25459.7
2242.73 -50397.5 -75107.5 -17257.3 -25506.6
2289.5 -50405.7 -75157.2 -17230.1 -25553.6
2336.3 -50413.8 -75207.2 -17202.6 -25600.5
2383.19 -50421.8 -75257.1 -17174.5 -25647.4
2429.93 -50430.1 -75307.2 -17146.5 -25694.1
2476.56 -50438.6 -75357.2 -17118.4 -25740.6
2523.22 -50447 -75407.2 -17089.6 -25787.2
2569.68 -50455.9 -75457.7 -17061.2 -25833.3
2616.43 -50464.9 -75508 -17032.3 -25879.4
2663.19 -50474.2 -75558.3 -17003.2 -25925.4
2709.86 -50483.7 -75608.5 -16973.9 -25971.2
2756.44 -50493.3 -75658.7 -16944.4 -26016.8
2802.92 -50503.1 -75708.8 -16914.7 -26062.3
2849.3 -50513 -75758.9 -16884.7 -26107.7
2895.55 -50522.9 -75808.6 -16857.5 -26152.9
2942.08 -50532.1 -75857.7 -16832.3 -26196.2
2988.59 -50541.2 -75906.9 -16806.6 -26238.9
3035.1 -50550.3 -75956.2 -16780.5 -26281.5
3081.52 -50559.5 -76005.4 -16754.1 -26324
3127.86 -50568.9 -76054.7 -16727.6 -26366.3
3174.1 -50578.4 -76103.9 -16700.7 -26408.5
3220.24 -50588 -76153.1 -16673.7 -26450.5
3265.95 -50597.8 -76202.2 -16646.7 -26492.5
3311.84 -50607.6 -76251.2 -16619.3 -26534.2
3357.99 -50617 -76300.7 -16591.2 -26576.4
3404.16 -50626.1 -76350.1 -16562.8 -26618.7
3449.99 -50635.4 -76399.7 -16534.1 -26660.9
3495.27 -50645.8 -76449.7 -16505 -26702.3
3540.64 -50655.8 -76499.7 -16475.1 -26743.8
3585.87 -50666 -76549.6 -16445.1 -26785.2
3630.97 -50676.5 -76599.3 -16414.8 -26826.3
3675.83 -50687.3 -76649.2 -16384.1 -26867.1
3720.69 -50698 -76698.9 -16352.8 -26908
3764.72 -50709.4 -76749.3 -16320.9 -26948.5
3809.06 -50720.6 -76799.6 -16287.3 -26989
3852.99 -50731.7 -76849.6 -16254.3 -27028.1
3896.34 -50743.1 -76899.1 -16219.5 -27068
3938.72 -50755.8 -76948.8 -16183.5 -27106.4
3981.09 -50768.6 -76998.3 -16147.8 -27144.6
4023.27 -50781.6 -77047.5 -16110.4 -27182.2
4065.01 -50795.3 -77096.4 -16073.8 -27220.3
4106.39 -50809.5 -77145.1 -16036.7 -27258.3
4146.62 -50824.8 -77193.7 -15996.4 -27294.2
4183.76 -50844.5 -77240.7 -15951 -27325.1
4219.91 -50865.6 -77286.5 -15904.9 -27354.5
4256.47 -50886.8 -77331.8 -15859.8 -27384.6
4294.02 -50910 -77376.2 -15813.8 -27414
4332.49 -50936.2 -77419.6 -15768.3 -27442.7
4368.35 -50960.6 -77462.8 -15721.4 -27470.9
4403.04 -50983 -77506.7 -15674.5 -27499.1
4437.81 -51005.7 -77550 -15627.9 -27527.4
4472.08 -51029 -77593.3 -15582.4 -27555.8
4506.37 -51051.7 -77636.5 -15536.4 -27584.3
4540.85 -51075.8 -77680.3 -15489.3 -27611.8
4575.42 -51099.7 -77721.2 -15446 -27639
4609.8 -51123.9 -77763 -15402 -27665.8
4643.2 -51148 -77805.3 -15357 -27691.8
4676.09 -51171.7 -77847.8 -15311.6 -27717.4
4709.38 -51193.5 -77889.4 -15264.7 -27741.9
4743.7 -51217.1 -77927.4 -15231.2 -27769.9
4779.57 -51239.3 -77958.8 -15199.7 -27797
4815.22 -51262.1 -77990.6 -15168 -27824.2
4851.03 -51284.8 -78022.4 -15136.3 -27851.6
4886.97 -51307.4 -78054.3 -15104.7 -27878.9
4922.94 -51330.1 -78086.1 -15073 -27906.2
4958.81 -51352.9 -78117.9 -15041.2 -27933.4
4994.58 -51375.4 -78149.8 -15009.7 -27960.8
5030.32 -51397.8 -78181.6 -14977.8 -27988
5066.26 -51420.6 -78213.5 -14945.8 -28015.1
5102.32 -51443.5 -78245.5 -14913.8 -28042.1
5138.86 -51468.4 -78279.7 -14880.2 -28067.4
5175.44 -51493.5 -78314.2 -14846.5 -28092.6
5211.97 -51518.8 -78348.9 -14812.6 -28117.5
5248.67 -51544.3 -78383.5 -14778.7 -28142.2
5285.9 -51569.3 -78418 -14745.7 -28167.7
5323.41 -51595.1 -78452.8 -14711.8 -28192.7
5364.71 -51624.4 -78487 -14679.3 -28218.4
5403.28 -51653.6 -78520.9 -14644.8 -28242.7
5440.17 -51679.3 -78556.6 -14609.4 -28266.6
5477 -51704.3 -78593 -14574.1 -28290.6
5513.43 -51729.2 -78628.7 -14539.6 -28315
5550.17 -51755 -78663.7 -14505.3 -28339.4
5586.64 -51780.4 -78698.9 -14471.1 -28364.1
5623.68 -51805.9 -78733.8 -14437.2 -28389.1
5660.24 -51833.2 -78769.8 -14401.2 -28412.4
5696.84 -51864.8 -78809.8 -14360.9 -28432.6
5733.53 -51896.5 -78850 -14320.4 -28452.7
5769.32 -51927.2 -78890.3 -14279.7 -28472.5
5804.59 -51958 -78930.7 -14238.6 -28492
5841.33 -51989.9 -78970.8 -14198.5 -28512
5878.36 -52022.2 -79010.9 -14158.4 -28532
5915.56 -52054.4 -79051 -14118.5 -28552.2
5952.69 -52086.8 -79091.2 -14078.3 -28572.1
5989.93 -52119.3 -79131.4 -14037.9 -28592
6027.23 -52151.8 -79171.6 -13997.5 -28611.8
6064.6 -52184.2 -79211.8 -13957.3 -28631.7
6101.96 -52216.6 -79252 -13916.9 -28651.5
6139.3 -52249.1 -79292.3 -13876.6 -28671.3
6176.55 -52281.6 -79332.6 -13836.2 -28690.9
6213.76 -52314.2 -79372.8 -13795.6 -28710.4
6250.88 -52346.6 -79413 -13755.2 -28730
6287.85 -52379.2 -79453.3 -13714.4 -28749.3
6324.86 -52411.7 -79493.5 -13673.8 -28768.7
6362.03 -52444.3 -79533.8 -13633.4 -28788.3
6399.24 -52476.9 -79574.1 -13593 -28807.8
6436.49 -52509.6 -79614.4 -13552.5 -28827.2
6473.75 -52542.3 -79654.7 -13511.9 -28846.6
6511.04 -52575 -79695.1 -13471.2 -28865.9
6548.37 -52608.4 -79735.6 -13430.1 -28885
6585.81 -52642 -79776.1 -13388.9 -28904.1
6623.17 -52675.7 -79816.7 -13347.5 -28923.1
6660.47 -52709.6 -79857.4 -13305.9 -28941.9
6697.65 -52743.6 -79898.1 -13264 -28960.6
6734.89 -52777.6 -79938.8 -13222.3 -28979.4
6772.17 -52811.6 -79979.6 -13180.5 -28998.1
6809.42 -52845.6 -80020.4 -13138.6 -29016.7
6846.85 -52879.6 -80061.2 -13097 -29035.6
6884.78 -52913.5 -80101.9 -13055.8 -29054.8
6924.15 -52948.8 -80142.8 -13014.2 -29073.7
6965.69 -52986.5 -80183.1 -12973.1 -29092.8
7004.19 -53023.2 -80222.9 -12930.5 -29110.9
7042.02 -53057.3 -80264.1 -12887.9 -29129.2
7078.99 -53089.7 -80306.2 -12845.4 -29147.4
7116.55 -53123.9 -80347.1 -12803.5 -29166
7153.95 -53158 -80388.1 -12761.5 -29184.5
7191.02 -53191.9 -80429.1 -12719.2 -29202.7
7228.32 -53226.1 -80470.1 -12677 -29221
7265.57 -53260.4 -80511.1 -12634.8 -29239.1
7302.63 -53294.4 -80552.2 -12592.5 -29257.2
7339.86 -53328.8 -80593.2 -12550.3 -29275.3
7377.01 -53363.2 -80634.3 -12507.9 -29293.2
7413.95 -53397.4 -80675.4 -12465.5 -29311.2
7450.57 -53431.3 -80716.6 -12422.9 -29329
7485.8 -53463.9 -80758.1 -12379.8 -29346.5
7521.6 -53497.1 -80799.3 -12337 -29364.2
7557.8 -53530.6 -80840.3 -12294.4 -29382
7594.93 -53564.5 -80881.3 -12252.2 -29400
7632.04 -53598.9 -80922.4 -12209.7 -29417.8
7669.22 -53633.3 -80963.4 -12167.2 -29435.5
7706.44 -53667.7 -81004.5 -12124.7 -29453.2
7743.71 -53702.1 -81045.5 -12082.3 -29470.9
7781 -53736.5 -81086.6 -12039.8 -29488.6
7818.29 -53770.9 -81127.8 -11997.2 -29506.2
7855.58 -53805.4 -81169 -11954.6 -29523.8
7892.8 -53842.8 -81210.9 -11910 -29539.9
7929.89 -53881 -81253.1 -11865.1 -29555.7
7967.13 -53919 -81295.2 -11820.1 -29571.6
8004.41 -53956.9 -81337.4 -11775 -29587.5
8041.68 -53994.9 -81379.5 -11729.9 -29603.3
8078.99 -54032.9 -81421.7 -11684.9 -29619.2
8116.19 -54071 -81464 -11639.8 -29634.9
8153.51 -54109.1 -81506.2 -11594.7 -29650.6
8190.79 -54147.1 -81548.4 -11549.4 -29666.2
8228.12 -54185.1 -81590.7 -11504.2 -29681.8
8265.47 -54223.2 -81633 -11459 -29697.4
8302.82 -54261.3 -81675.3 -11413.7 -29712.9
8340.18 -54299.4 -81717.6 -11368.5 -29728.4
8377.55 -54337.5 -81760 -11323.2 -29743.9
8414.76 -54375.9 -81802.2 -11277.9 -29759.3
8451.85 -54414.8 -81839.3 -11236.4 -29775.4
8488.98 -54453.7 -81876.5 -11194.7 -29791.4
8526.11 -54492.5 -81913.6 -11153 -29807.3
8563.18 -54531.4 -81950.9 -11111.2 -29823
8600.3 -54570.4 -81988.1 -11069.4 -29838.8
8637.43 -54609.3 -82025.4 -11027.6 -29854.6
8674.56 -54648.3 -82062.7 -10985.8 -29870.2
8711.68 -54687.3 -82100 -10944 -29885.9
8748.84 -54726.3 -82137.3 -10902.1 -29901.5
8785.98 -54765.4 -82174.7 -10860.2 -29917
8823.15 -54804.5 -82212.1 -10818.2 -29932.5
8860.28 -54843.6 -82248.5 -10776.8 -29948.3
8897.4 -54882.8 -82283.9 -10735.9 -29964.4
8934.53 -54922.1 -82319.4 -10695 -29980.5
8971.67 -54961.3 -82354.8 -10654.1 -29996.6
9008.82 -55000.6 -82390.3 -10613.1 -30012.6
9045.99 -55039.9 -82425.9 -10572.2 -30028.7
9083.15 -55079.2 -82461.4 -10531.2 -30044.6
9120.36 -55118.4 -82496.9 -10490.2 -30060.5
9157.55 -55157.7 -82532.5 -10449.2 -30076.3
9194.74 -55197 -82568 -10408.2 -30092.2
9231.94 -55236.4 -82603.6 -10367.2 -30108
9269.13 -55275.7 -82639.2 -10326.2 -30123.7
9306.37 -55315 -82674.9 -10285 -30139.4
9343.63 -55354.3 -82710.5 -10244 -30155.1
9380.79 -55393.8 -82746.2 -10202.8 -30170.6
9418.05 -55433.2 -82781.9 -10161.8 -30186.2
9455.2 -55472.7 -82817.7 -10120.5 -30201.6
9492.4 -55512.2 -82853.4 -10079.4 -30217.1
9529.6 -55551.7 -82889.2 -10038.2 -30232.4
9566.79 -55591.2 -82925 -9996.93 -30247.8
9603.99 -55630.8 -82960.8 -9955.65 -30263
9641.18 -55670.4 -82996.7 -9914.35 -30278.3
9678.38 -55710.1 -83032.5 -9873.02 -30293.4
9715.57 -55749.7 -83068.4 -9831.67 -30308.5
9752.76 -55789.4 -83104.3 -9790.29 -30323.6
9789.95 -55829.1 -83140.3 -9748.89 -30338.6
9827.13 -55868.9 -83176.2 -9707.46 -30353.6
9864.32 -55908.7 -83212.2 -9666.01 -30368.5
9901.5 -55948.5 -83248.2 -9624.53 -30383.4
9938.64 -55988.3 -83284.2 -9582.96 -30398.1
9975.8 -56028.2 -83320.2 -9541.43 -30412.8
10013 -56068.1 -83356.2 -9499.88 -30427.5
10050.2 -56107.9 -83392.2 -9458.34 -30442.2
10087.4 -56147.8 -83428.3 -9416.72 -30456.8
10125.2 -56186.2 -83465.4 -9383.99 -30468.8
10163.5 -56224 -83503.4 -9351.24 -30477.9
10202 -56261.3 -83541.6 -9318.55 -30486.3
10241 -56298 -83579.9 -9286 -30494.7
10280 -56334.8 -83618.4 -9253.52 -30503
10319.2 -56371.4 -83657 -9221.15 -30511.2
10358.6 -56407.8 -83695.6 -9188.61 -30519.3
10397.9 -56444.4 -83734.3 -9156.41 -30527.6
10437.6 -56480.7 -83772.9 -9123.75 -30535.5
10477 -56517.2 -83811.7 -9091.49 -30543.6
10516.6 -56553.5 -83850.4 -9058.91 -30551.5
10556.1 -56589.9 -83889.2 -9026.45 -30559.5
10595.7 -56626.3 -83928 -8993.96 -30567.4
10635.3 -56662.8 -83966.9 -8961.48 -30575.2
10674.9 -56699.2 -84005.7 -8928.96 -30583
10715.2 -56734.4 -84044.3 -8895.18 -30590.8
10754.5 -56771.4 -84083.3 -8863.5 -30598.6
10794.6 -56807.1 -84122 -8830.69 -30606.9
10834.2 -56843.8 -84161 -8799.16 -30614.8
10874.3 -56879.6 -84199.8 -8767.13 -30623
10914.2 -56916 -84238.7 -8734.87 -30630.9
10954.2 -56952 -84277.6 -8702.71 -30638.9
10994.1 -56988.2 -84316.6 -8670.47 -30646.9
11034.2 -57023.9 -84355.5 -8638.2 -30654.8
11074.3 -57059.8 -84394.7 -8606.12 -30662.8
11114.6 -57095.5 -84434 -8574.07 -30670.8
11154.8 -57131.3 -84473.4 -8542.03 -30678.7
11195.2 -57166.9 -84512.7 -8509.94 -30686.6
11235.5 -57202.7 -84552.1 -8477.85 -30694.5
11275.8 -57238.5 -84591.6 -8445.63 -30702.3
11316.1 -57274.4 -84631.2 -8413.25 -30709.9
11356.4 -57310.3 -84670.7 -8380.96 -30717.6
11396.6 -57346.2 -84710.3 -8348.66 -30725.3
11436.9 -57382.2 -84749.9 -8316.34 -30733
11477.2 -57418.2 -84789.5 -8283.95 -30740.6
11517.5 -57454.2 -84829.1 -8251.55 -30748.1
11557.8 -57490.2 -84868.8 -8219.12 -30755.7
11598.1 -57526.3 -84908.4 -8186.64 -30763.2
11638.3 -57562.4 -84948.1 -8154.07 -30770.5
11678.5 -57598.4 -84987.7 -8121.57 -30778
11718.4 -57634.6 -85027.5 -8088.87 -30785.2
11758.9 -57670.5 -85067 -8056.55 -30792.8
11798.8 -57706.8 -85106.9 -8023.84 -30800
11839 -57742.9 -85146.5 -7991.14 -30807.2
11879.2 -57779.1 -85186.1 -7958.54 -30814.5
11919.4 -57815.2 -85225.9 -7925.89 -30821.8
11959.6 -57851.5 -85265.6 -7893.23 -30829
11999.8 -57887.8 -85305.4 -7860.38 -30836.2
12039.9 -57924.2 -85345.6 -7827.18 -30843
12080 -57960.7 -85385.8 -7793.77 -30849.9
12120.1 -57997.3 -85426 -7760.5 -30856.7
12160.2 -58033.9 -85466.3 -7727.16 -30863.6
12200.2 -58070.9 -85506.6 -7693.79 -30870.5
12240.2 -58107.6 -85546.8 -7660.37 -30877.3
12280.3 -58144.2 -85587.1 -7626.8 -30884
12320.4 -58180.9 -85627.4 -7593.34 -30890.7
12360.5 -58217.6 -85667.7 -7559.83 -30897.4
12400.6 -58254.4 -85708.1 -7526.29 -30904
12441.3 -58289.7 -85748.1 -7491.4 -30910.8
12481.2 -58326.8 -85788.6 -7458.12 -30917.5
12521.2 -58363.9 -85829 -7424.72 -30924.1
12561.3 -58400.8 -85869.4 -7391.19 -30930.6
12601.3 -58437.8 -85909.8 -7357.6 -30937.2
12641.2 -58474.7 -85950.2 -7323.91 -30943.7
12681.3 -58511.6 -85990.6 -7290.27 -30950.3
12721.7 -58547.1 -86031.2 -7257.44 -30957.5
12762.4 -58581.8 -86072 -7224.63 -30965.7
12803.6 -58616 -86112.8 -7192.28 -30974.3
12845.5 -58650.6 -86153.7 -7160.67 -30983.5
12889.6 -58686.2 -86194.1 -7129.46 -30993.2
12934.2 -58722.8 -86234 -7098.12 -31003.1
12976.5 -58756.9 -86274.4 -7065.6 -31012.3
13018.7 -58788.6 -86316.3 -7033.44 -31021.6
13061 -58820.9 -86357.7 -7001.65 -31031.1
13103.4 -58853.7 -86398.8 -6969.77 -31040.7
13145.3 -58885.8 -86440 -6937.69 -31050.1
13187.5 -58918.3 -86481 -6905.77 -31059.6
13229.5 -58951.2 -86522.5 -6873.3 -31068.7
13412.7 -58877.7 -86607.9 -6820.17 -31082.1
13417.7 -58919.7 -86650.4 -6803.89 -31106.2
13433.1 -58973.2 -86684.7 -6777.12 -31115.7
13456.9 -59024.4 -86718.4 -6747.26 -31121.3
13488.3 -59069.9 -86754.9 -6716.81 -31128.5
13521 -59107 -86794.5 -6686.51 -31136.4
13557.8 -59141.5 -86835.5 -6655.7 -31145.1
13595.8 -59173.1 -86877.9 -6624.96 -31154.8
13635.2 -59204.2 -86921 -6594.37 -31164.9
13676.6 -59234 -86964.7 -6564 -31174.9
13719 -59264.1 -87008.9 -6534.15 -31185.5
13761.6 -59292.3 -87053.4 -6503.28 -31195.7
13805.1 -59321.5 -87098.1 -6472.59 -31206
13848.4 -59350 -87142.9 -6441.97 -31216.5
13892.6 -59378.5 -87187.7 -6411.89 -31227.4
13937 -59407 -87232.6 -6381.69 -31238.3
13981.8 -59435.4 -87277.5 -6351.34 -31249.2
14026.6 -59463.8 -87322.6 -6320.96 -31260
14071.4 -59492.3 -87367.7 -6290.65 -31270.9
14116.5 -59520.5 -87412.8 -6260.22 -31281.8
14161.7 -59548.7 -87457.9 -6229.84 -31292.7
14207.2 -59577.1 -87502.9 -6199.55 -31303.6
14252.9 -59605.5 -87548 -6169.25 -31314.5
14298.6 -59634 -87593.1 -6138.94 -31325.5
14344.3 -59662.5 -87638.2 -6108.59 -31336.3
14389.8 -59691.4 -87683.4 -6078.3 -31347.3
14435.5 -59719.9 -87728.5 -6047.79 -31358.1
14481.1 -59748.4 -87773.7 -6016.29 -31369.1
14558.3 -59764.8 -87830.3 -5972.51 -31374.3
14601.9 -59791.3 -87875.8 -5954.47 -31395.2
14644.1 -59824.8 -87919.2 -5924.61 -31406.6
14687.1 -59856.3 -87961.6 -5894.29 -31416.5
14730.2 -59886.7 -88005.3 -5864.61 -31427
14773.5 -59917.4 -88048.2 -5835.1 -31438.2
14817.2 -59947.1 -88091.5 -5805.17 -31448.9
14861.4 -59976.8 -88134.9 -5775.36 -31460.1
14906.4 -60006.7 -88178.5 -5745.09 -31470.9
14951.2 -60035.7 -88222.6 -5714.86 -31481.8
14993.9 -60062.3 -88267.3 -5683.8 -31492.3
15038 -60089.5 -88312.1 -5653.55 -31503.4
15083.1 -60118.1 -88356.6 -5623.41 -31514.6
15127.9 -60147.4 -88401.1 -5593.32 -31525.8
15173.1 -60176.7 -88445.8 -5562.3 -31536.8
15217.3 -60205.6 -88491.7 -5530.11 -31546.9
15262.4 -60235.2 -88538.1 -5497.9 -31557
15307.8 -60264.7 -88584.6 -5465.65 -31566.9
15353.3 -60294 -88631.1 -5433.61 -31577.1
15398.7 -60322.5 -88677.8 -5401.78 -31587.6
15443.6 -60351 -88724.3 -5369.63 -31598.1
15489.1 -60379.8 -88770.9 -5337.71 -31608.7
15534.8 -60408.8 -88817.4 -5305.74 -31619.4
15580.9 -60437.4 -88864 -5274.2 -31630.4
15627.7 -60465.5 -88910.4 -5243.15 -31641.7
15675.2 -60493 -88956.9 -5212.75 -31653.5
15724.1 -60521.2 -89003.5 -5182.9 -31665.8
15774.2 -60549.5 -89050.5 -5153.24 -31678.3
15825.7 -60580.7 -89095.9 -5123.37 -31690.7
15874.5 -60607.2 -89144.3 -5092.44 -31702.4
15923.1 -60633.2 -89192.1 -5062.09 -31714.2
15971.2 -60659.3 -89239.1 -5032.35 -31726.4
16018.7 -60684.6 -89286.9 -5002.6 -31738.8
16064.5 -60707.5 -89335.9 -4971.83 -31750.7
16111.7 -60732.9 -89383.3 -4941.7 -31763.1
16158.4 -60758.3 -89430.5 -4911.33 -31775.4
16205.3 -60783.9 -89477.7 -4881.02 -31787.7
16252.6 -60810.6 -89524 -4850.89 -31800.1
16299.8 -60837.2 -89570.8 -4820.82 -31812.5
16347.4 -60863.8 -89617.7 -4790.62 -31824.9
16395 -60890.5 -89664.6 -4760.3 -31837.2
16442.8 -60917.1 -89711.6 -4729.98 -31849.7
16490.6 -60943.7 -89758.7 -4699.63 -31862.1
16538.4 -60970.2 -89805.8 -4669.25 -31874.6
16586.3 -60996.8 -89852.8 -4638.84 -31887.2
16634.1 -61023 -89900 -4608.39 -31899.8
16681.9 -61049.5 -89947 -4577.93 -31912.4
16729.8 -61076 -89994.1 -4547.48 -31925.1
16777.7 -61102.5 -90041.2 -4516.97 -31937.8
16825.5 -61128.7 -90088.3 -4486.43 -31950.6
16873.4 -61155.3 -90135.1 -4455.83 -31963.5
16921.2 -61181.9 -90181.9 -4425.27 -31976.4
16969 -61208.3 -90228.8 -4394.71 -31989.4
17016.9 -61234.8 -90275.7 -4364.1 -32002.4
17064.3 -61262.1 -90322.7 -4332.74 -32014.5
17112.1 -61288.8 -90369.5 -4301.92 -32027.5
17160 -61315.2 -90416.5 -4271.28 -32040.5
17207.9 -61341.6 -90463.4 -4240.56 -32053.9
17255.8 -61368 -90510.4 -4209.71 -32067.1
17303.8 -61394.4 -90557.3 -4178.91 -32080.6
17351.7 -61420.8 -90604.3 -4148.03 -32093.9
17399.7 -61447.1 -90651.2 -4117.15 -32107.6
17447.6 -61473.4 -90698.1 -4086.22 -32121.1
17495.7 -61499.7 -90744.9 -4055.15 -32135.2
17543.6 -61526.1 -90791.9 -4024.14 -32148.7
17591.6 -61552.3 -90838.8 -3993.26 -32162.3
17639.5 -61578.6 -90885.6 -3962.04 -32176.2
17687.7 -61604.3 -90932.6 -3931.39 -32190.4
17737.4 -61628.7 -90979.5 -3902.29 -32205.4
17789.8 -61652.7 -91025.9 -3874.76 -32221.2
17845 -61676.8 -91073.1 -3848.82 -32237.9
17902.3 -61699.4 -91121.5 -3824.13 -32255.5
17962.6 -61720.8 -91172.1 -3800.43 -32274.1
18025.7 -61742.1 -91222.7 -3777.15 -32292.5
18088.4 -61763.2 -91272.2 -3755.53 -32311.8
18150.2 -61783.7 -91321.8 -3734.67 -32331.8
18212.4 -61806 -91369.9 -3712.62 -32350.9
18275 -61827.9 -91418.7 -3691.5 -32370.4
18337.4 -61849.6 -91467.1 -3670.37 -32390.4
18399.3 -61870.8 -91515.9 -3649.7 -32410.3
18461.7 -61892.4 -91564.4 -3628.8 -32430.5
18523.6 -61914.9 -91612 -3607.75 -32450.4
18585.8 -61937.4 -91659.8 -3586.63 -32471.2
18647.7 -61960.6 -91706.6 -3565.29 -32491.5
18709.8 -61982.9 -91754.7 -3543.96 -32511.8
18771.6 -62005.4 -91802.3 -3522.36 -32532.6
18834.1 -62028.2 -91849.5 -3500.69 -32553
18895.5 -62050.7 -91897.1 -3479.1 -32573.8
18956.9 -62074.5 -91946.2 -3454.6 -32593.7
19018.8 -62098.7 -91995 -3429.99 -32613.9
19080.3 -62122.1 -92043.6 -3405.86 -32634.1
19142.3 -62144.5 -92094.5 -3382.27 -32655.1
19209 -62167.3 -92147.1 -3357.99 -32676
19275.6 -62188.1 -92200.8 -3334.37 -32697.5
19341.9 -62210 -92252.4 -3311.93 -32719
19407.9 -62231.6 -92303.4 -3289.38 -32740.9
19473.4 -62252.8 -92354.6 -3267.06 -32763
19538.9 -62274.1 -92405.7 -3244.37 -32785.8
19604.1 -62296.7 -92455.5 -3221.07 -32808.1
19669.2 -62318.8 -92506.3 -3198.92 -32830
19734.7 -62340.9 -92556.9 -3176.49 -32853.1
19800.1 -62363 -92607.8 -3153.59 -32875.7
19865.7 -62384.9 -92658.6 -3130.7 -32898.7
19931.1 -62406.9 -92709.5 -3107.55 -32921.6
19996.7 -62428.8 -92760.2 -3084.45 -32945.1
20062.2 -62451 -92810.7 -3061.1 -32968.3
20127.7 -62472.9 -92861.4 -3037.93 -32991.9
20193 -62494.8 -92912.1 -3014.44 -33015.4
20258.6 -62516.7 -92962.8 -2990.92 -33039.5
20324 -62538.6 -93013.7 -2967.21 -33063.3
20389.6 -62560.1 -93064.3 -2943.58 -33088
20454.7 -62582.3 -93114.9 -2917.15 -33111.6
20520.6 -62603.7 -93165.2 -2893.97 -33136.8
20586 -62625.5 -93216.3 -2870.2 -33160.5
20651.6 -62647.4 -93267 -2847.5 -33185
20717.4 -62668.4 -93317.5 -2824.35 -33210
20783.1 -62689.5 -93368.3 -2800.53 -33235.4
20848.8 -62710.4 -93418.9 -2776.47 -33261
20914.4 -62731.6 -93469.4 -2752.46 -33286.6
20979.5 -62753 -93519.3 -2728.38 -33312.5
21044.8 -62774.4 -93569.8 -2703.71 -33338.4
21110 -62795.6 -93620.3 -2678.96 -33364.2
21175.6 -62816.5 -93670.7 -2654.59 -33391
21241 -62837.6 -93721.3 -2629.1 -33417.2
21306.4 -62858.6 -93771.7 -2603.17 -33443.6
21372.1 -62879.5 -93822.3 -2578.78 -33470.4
21437.8 -62900.5 -93872.9 -2553.12 -33497.3
21504 -62921.5 -93923.3 -2528.2 -33524.5
21571.4 -62941 -93974.4 -2504.77 -33552.6
21639.3 -62960.5 -94025.6 -2481.17 -33581.3
21707.9 -62980.9 -94076.2 -2457.93 -33610.1
21776.3 -63000 -94127.3 -2434.71 -33639.3
21844.7 -63018.7 -94178.9 -2411.44 -33668.6
21913.7 -63037.8 -94230.1 -2388.25 -33698.3
21982.5 -63057.3 -94280.7 -2365.11 -33728.3
22051.6 -63076.5 -94331.8 -2341.69 -33758.4
22120.8 -63095.4 -94383.1 -2318.26 -33788.8
22190.2 -63114.2 -94434.6 -2294.72 -33819.4
22259.6 -63133.1 -94485.6 -2271.18 -33850.1
22329 -63151.8 -94537.1 -2247.55 -33881.2
22398.7 -63170.3 -94588.5 -2223.8 -33912.5
22468.1 -63189.1 -94639.9 -2198.45 -33943.6
22537.8 -63207.4 -94691.4 -2175.01 -33975.4
22607.3 -63226 -94742.7 -2150.47 -34007.4
22676.9 -63244.2 -94793.7 -2127.03 -34039.8
22746.1 -63262.8 -94845 -2102.08 -34072.2
22815.9 -63280.7 -94896.4 -2078.58 -34105
22885.3 -63299 -94947.8 -2053.19 -34138.1
22955.2 -63316.7 -94999.2 -2029.21 -34171.5
23024.7 -63334.9 -95050.7 -2003.86 -34204.9
23094.6 -63352.5 -95102.1 -1979.58 -34238.8
23164 -63370.8 -95153.7 -1953.73 -34272.6
23234 -63388.5 -95207.3 -1928.2 -34306.3
23303.5 -63407.3 -95262.5 -1899.06 -34339.2
23373.6 -63425.2 -95317.5 -1872.22 -34372.7
23443.6 -63443.3 -95372.4 -1843.73 -34406.4
23514.2 -63460.8 -95427.4 -1817.06 -34440.7
23584.8 -63478.6 -95482.2 -1789.03 -34475.1
23656 -63495.7 -95537.4 -1762.36 -34510.1
23727.2 -63513.1 -95592.4 -1734.49 -34545.2
23798.4 -63530.8 -95646.8 -1708 -34580.6
23869.5 -63548.2 -95701.6 -1679.9 -34616
23940.9 -63565.1 -95756.6 -1653.12 -34651.9
24012.4 -63582.1 -95811.8 -1625 -34687.7
24084 -63598.7 -95867.1 -1598.02 -34724.1
24155.6 -63615.3 -95922.4 -1569.85 -34760.5
24227.6 -63631.4 -95977.5 -1542.92 -34797.7
24299.6 -63647.5 -96032.6 -1514.88 -34835.5
24371.8 -63663.8 -96087.9 -1486.77 -34873
24443.8 -63680.1 -96143.3 -1458.23 -34910.6
24516 -63695.9 -96198.7 -1430.76 -34948.8
24588 -63712 -96254 -1401.92 -34987
24660.1 -63727.6 -96309.3 -1373.99 -35025.7
24732 -63743.4 -96364.5 -1345.08 -35064.6
24804.1 -63758.9 -96419.7 -1316.71 -35104
24876.1 -63774.6 -96475 -1287.63 -35143.5
24948.2 -63790 -96530.2 -1258.87 -35183.5
25020.1 -63805 -96585.5 -1229.85 -35223.5
25091.8 -63820.7 -96640.7 -1200.03 -35264.1
25163.8 -63836.1 -96695.8 -1169.68 -35304.7
25235.9 -63851.3 -96751.1 -1140.64 -35345.6
25307.8 -63866.7 -96806.3 -1110.12 -35386.6
25380 -63881.4 -96861.2 -1081.41 -35428.3
25452.1 -63895.9 -96915.8 -1051.27 -35471.1
25524.8 -63909.5 -96970.9 -1023.76 -35513.8
25597.6 -63923.1 -97025.7 -993.242 -35557
25671.2 -63935.8 -97081 -967.072 -35600.9
25744.7 -63948.9 -97135.9 -935.698 -35645
25819.5 -63960.2 -97191.1 -910.772 -35690.4
25893.7 -63972.3 -97245.9 -879.331 -35735.5
25968.7 -63984.1 -97301.5 -853.515 -35780.9
26043.3 -63995.6 -97356.7 -823.183 -35826.5
26118.7 -64006.4 -97411.2 -799.331 -35872.7
26193.2 -64018.9 -97463.1 -770.418 -35918.6
26268.7 -64030.5 -97515.3 -747.513 -35965.5
26343.6 -64041.8 -97567 -719.07 -36012.3
26419.1 -64052.4 -97619.2 -696.531 -36059.8
26494.3 -64063 -97671 -668.39 -36107.7
26570.4 -64073.1 -97723.2 -646.28 -36156.3
26645.9 -64083.3 -97774.9 -617.905 -36205
26722.1 -64092.9 -97827.2 -595.508 -36254.1
26798.3 -64102.4 -97878.6 -567.548 -36303.4
26875 -64111.7 -97930.9 -545.256 -36353
26951.5 -64120.7 -97982.5 -517.827 -36403
27028.6 -64129.5 -98034.7 -496.013 -36453.4
27105.4 -64138.2 -98086.3 -468.491 -36504.2
27182.6 -64147 -98138.6 -446.229 -36555
27259.3 -64155.6 -98190.1 -418.033 -36606.2
27337.5 -64162.9 -98242 -397.896 -36658.2
27414.3 -64171.4 -98293.5 -369.663 -36709.8
27492.2 -64178.8 -98345.5 -349.643 -36762
27569.2 -64187.1 -98396.9 -321.008 -36814.3
27647.2 -64194.1 -98448.9 -300.298 -36867.1
27724.2 -64202.4 -98500.3 -271.637 -36919.7
27802.5 -64209 -98552 -251.918 -36973.1
27880.2 -64216.6 -98603 -222.837 -37026.8
27959.5 -64223.1 -98654.7 -203.83 -37081.2
28037.2 -64230.8 -98705.5 -175.886 -37136.1
28115.6 -64236.7 -98756.3 -155.413 -37191.3
28192.7 -64243.1 -98806.9 -126.943 -37246.5
28270.9 -64247.8 -98857.9 -107.652 -37302.3
28348 -64253 -98908.4 -78.7964 -37358.3
28426.5 -64257.1 -98959.4 -60.5769 -37414.7
28504 -64262.3 -99009.6 -32.3279 -37471.5
28582.5 -64266.3 -99060.5 -12.7867 -37528.6
28659.9 -64271.6 -99110.7 16.5312 -37585.9
28739.1 -64274.7 -99161.6 34.3187 -37643.8
28816.5 -64279.8 -99211.9 63.4739 -37701.5
28895.8 -64282.5 -99262.8 82.0862 -37760.2
29148.4 -64150.9 -99380.5 58.7269 -37813.7
29194.5 -64176.6 -99426.1 118.973 -37880.3
29234.8 -64201.8 -99462.1 132.657 -37945.4
29281.5 -64233.1 -99498.7 170.718 -38004.3
29341.4 -64251.9 -99540.9 191.465 -38064.9
29403.4 -64270.7 -99586.3 228.497 -38122.4
29472.7 -64284.3 -99634.4 251.757 -38181.3
29541.9 -64299.5 -99683.3 289.373 -38239.7
29615 -64309.5 -99734 313.898 -38299.2
29687.4 -64321.6 -99784.7 351.239 -38358.8
29762.9 -64330.1 -99836.4 376.81 -38419
29837 -64340.7 -99887.8 415.899 -38479.6
29914.1 -64347.5 -99940.4 439.26 -38540.4
29989.2 -64356.8 -99992.5 476.714 -38601.8
30066.5 -64363.1 -100045 503.55 -38663.1
30141.9 -64371.9 -100097 542.417 -38725
30219.8 -64377.5 -100150 566.546 -38786.8
30295.6 -64385.7 -100203 604.251 -38849.4
30373.4 -64391.3 -100256 631.49 -38911.7
30449.1 -64399 -100309 670.954 -38974.8
30527.4 -64404 -100362 695.698 -39037.6
30603.4 -64411.9 -100415 735.333 -39101.2
30681.9 -64416.5 -100468 760.424 -39164.5
30758.1 -64424.2 -100521 800.208 -39228.7
30836.3 -64429.2 -100575 826.334 -39292.3
30912 -64437.6 -100628 867.724 -39356.9
30989.8 -64443.2 -100682 894.778 -39421
31064.6 -64452.7 -100736 937.391 -39486
31141.4 -64459.2 -100791 966.125 -39550.5
31215.9 -64468.9 -100845 1009.96 -39616.1
31292.6 -64475.6 -100900 1040.16 -39680.9
31366.7 -64485.5 -100954 1085.09 -39746.8
31443.1 -64492.2 -101009 1116.02 -39811.4
31517 -64502.1 -101064 1161.62 -39877.2
31593.1 -64508.8 -101119 1192.96 -39941.7
31667 -64518 -101173 1236.58 -40008
31742.8 -64524.8 -101228 1269.93 -40073
31816.6 -64533.9 -101282 1313.96 -40139.6
31892.3 -64540.5 -101337 1346.51 -40205.1
31966.2 -64549.4 -101391 1391.07 -40272.3
32042.1 -64555.5 -101446 1423.02 -40338.1
32115.9 -64564.4 -101500 1468.39 -40405.7
32192 -64570.2 -101555 1499.97 -40471.8
32266 -64578.8 -101610 1544.28 -40540
32341.9 -64584.8 -101665 1577.79 -40606.6
32416 -64593.2 -101719 1623.48 -40675.1
32492.2 -64598.6 -101774 1654.28 -40741.7
32566.3 -64607 -101829 1699.17 -40811
32641.9 -64613.1 -101884 1733.32 -40877.9
32715.7 -64621.6 -101939 1779.37 -40947.3
32791.9 -64626.9 -101994 1811.85 -41014.6
32866.1 -64634.8 -102049 1857.96 -41084.6
32942.7 -64639.7 -102105 1889.8 -41152
33016.8 -64647.7 -102160 1934.93 -41222.4
33092.4 -64653.1 -102215 1968.72 -41289.9
33164.9 -64661.4 -102270 2015.81 -41360
33236.1 -64666.3 -102326 2051.67 -41427.1
33304.3 -64674 -102380 2101.71 -41496.9
33374.2 -64678.7 -102435 2138.32 -41563.9
33441.6 -64686.3 -102489 2188.74 -41633.9
33511.1 -64690.9 -102544 2225.19 -41700.8
33578.3 -64698.5 -102597 2276.03 -41771.5
33647.7 -64702.9 -102652 2312.52 -41838.8
33714.9 -64710.3 -102706 2363.3 -41910.2
33784.3 -64714.6 -102760 2400.44 -41976
33851.5 -64722 -102814 2450.22 -42047.7
33920.8 -64726.3 -102868 2486.84 -42116.4
33988.2 -64733.4 -102922 2537.45 -42184.9
34057.6 -64737.5 -102976 2574.1 -42253.4
34124.9 -64744.8 -103030 2623.69 -42326.2
34194.4 -64748.6 -103085 2660.76 -42392.5
34261.8 -64755.3 -103139 2710.45 -42465.5
34331.2 -64759.6 -103193 2749.04 -42532.6
34398.9 -64765.9 -103247 2796.84 -42606.3
34468.1 -64770.1 -103301 2836.36 -42673.2
34535.9 -64776.1 -103355 2883.42 -42742.9
34605 -64780.3 -103409 2922.2 -42814.3
34673 -64785.9 -103463 2968.99 -42883.5
34741.8 -64790.4 -103517 3009.06 -42955.5
34810.2 -64795.2 -103571 3054.65 -43025
34878.8 -64800 -103625 3095.74 -43094.4
34947.2 -64804.9 -103680 3138.99 -43168.7
35016 -64809.2 -103734 3181.59 -43236.7
35084.5 -64814 -103788 3225.56 -43307.3
35153.5 -64817.9 -103842 3266.47 -43377.5
35222.4 -64823.1 -103896 3310.19 -43448.7
35292.9 -64828 -103949 3350.65 -43519.8
35363.6 -64833.7 -104002 3393.16 -43591.7
35434.9 -64838.8 -104055 3432.69 -43662.9
35505.8 -64844.5 -104108 3475.09 -43735.3
35577.2 -64849.6 -104162 3513.84 -43806.1
35648.2 -64855.2 -104215 3557.06 -43879.2
35720.1 -64859.4 -104268 3594.45 -43950
35790.9 -64865.2 -104321 3637.79 -44023.2
35862.7 -64869.6 -104375 3674.72 -44093.8
35933.6 -64875 -104428 3718.18 -44167.2
36005.1 -64879.7 -104481 3756.04 -44238.2
36076.1 -64885 -104534 3798.86 -44311.5
36147.7 -64889 -104588 3836.23 -44382.3
36218.5 -64894.5 -104641 3880.13 -44456.2
36290.4 -64898.3 -104695 3915.74 -44526.7
36360.5 -64903.5 -104748 3960.07 -44599.8
36431.1 -64908.1 -104802 3997.61 -44669.9
36500.7 -64913.7 -104856 4041.88 -44742.4
36571.2 -64917.9 -104910 4080.03 -44812.5
36640.9 -64923.4 -104964 4123.48 -44885
36711.5 -64927.4 -105018 4160.78 -44955
36781.2 -64932.3 -105072 4203.67 -45027.5
36851.6 -64936.2 -105125 4241.92 -45097.8
36921.2 -64941.7 -105179 4285.03 -45170.5
36991.8 -64945.4 -105233 4321.9 -45240.7
37061.5 -64950.2 -105287 4364.64 -45313.1
37132.1 -64953.8 -105341 4401.87 -45383.5
37201.8 -64958.5 -105395 4445.08 -45456.2
37272.4 -64962 -105449 4482.06 -45526.2
37342.2 -64966.5 -105503 4525.66 -45599.5
37412.8 -64969.6 -105557 4561.38 -45668.9
37482.2 -64974.7 -105611 4605.71 -45742.6
37553 -64977.5 -105666 4640.58 -45812.2
37622.6 -64982.1 -105720 4684.06 -45884.6
37693.3 -64985.2 -105774 4719.28 -45954.1
37762.9 -64989.4 -105828 4763.55 -46028
37833.8 -64991.6 -105883 4792.62 -46095.1
37903.5 -64996.3 -105937 4837.11 -46167.3
37974.3 -64998.8 -105992 4872.96 -46237.3
38044 -65002.8 -106046 4916.49 -46310.5
38114.6 -65005.5 -106101 4951.93 -46379.7
38314.8 -64910 -106217 4997.39 -46438.6
38341.5 -64935 -106265 5019.13 -46497.6
38386 -64962.3 -106304 5065.03 -46581.1
38441.9 -64980.8 -106346 5110.52 -46656.9
38499.8 -64994.2 -106394 5158.9 -46737
38561.1 -65000.2 -106445 5182.84 -46807.6
38623.7 -65007.6 -106496 5225.35 -46876.9
38689.9 -65013.1 -106548 5252.81 -46946.3
38756.2 -65019.7 -106600 5294.52 -47014.5
38824.8 -65023.5 -106653 5318.82 -47083.4
38893 -65028.1 -106706 5361.98 -47151.4
38962.7 -65030.4 -106760 5389.73 -47222.2
39031.6 -65035.3 -106814 5432.23 -47294.7
39102.3 -65036.3 -106869 5464.4 -47356.1
39172.7 -65038.4 -106924 5502.84 -47419.4
39244 -65039.1 -106981 5518.97 -47483.5
39315.8 -65039.8 -107037 5559.36 -47544.1
39388 -65039.9 -107095 5570.78 -47608
39461.3 -65037.8 -107153 5606.72 -47667.1
39533.6 -65037.6 -107210 5647.62 -47729.1
39607.2 -65035.6 -107269 5658.83 -47797.1
39681 -65032.5 -107329 5658.9 -47849.5
39754.3 -65031.4 -107386 5728.69 -47902.7
39828.7 -65028 -107447 5779.72 -47990.8
39904.2 -65022 -107507 5671.35 -47956
39975.3 -65025.3 -107566 5794.18 -48040.9
40053.2 -65018.1 -107628 5892.41 -48126.7
40198.6 -64965.1 -107725 5769.75 -48064.7
40250.8 -64973.5 -107780 5992.47 -48068.5
40412.4 -64879.5 -107878 5854.11 -47853.7
40446.1 -64907.7 -107933 6395.4 -47323.9
40646.2 -64758.4 -107991 4691.48 -46820.7
40707.4 -64768.9 -108067 4193.81 -46903.5
40752.4 -64812 -108138 4414.14 -47125.3
40775.1 -64842.9 -108185 4610.67 -47313.8
40834.6 -64864.5 -108249 4648.93 -47453.7
40900.4 -64872.4 -108318 4754.68 -47601.2
40987.3 -64866.2 -108390 4865.49 -47754.5
41047.9 -64877.8 -108445 4968.36 -47910.1
41132 -64877.2 -108509 5082.27 -48084.8
41223 -64871 -108577 5208.19 -48282
41300.5 -64879.6 -108634 5345 -48522.8
41370.3 -64899.8 -108683 5496.32 -48829.8
41455.6 -64912.7 -108735 5647.56 -49227.3
41480 -64977.6 -108741 5808.37 -49531
41531.1 -65054.4 -108748 6418.31 -49565.4
41590.4 -65112.3 -108781 6995 -49808.2
41696.7 -65126.1 -108865 7150.64 -49769.3
41741.1 -65164.8 -108903 7211.66 -49853.5
41785.1 -65184.9 -108941 7282.06 -49982.1
41817.7 -65208.8 -108976 7336.91 -50078.9
41863.4 -65231.7 -109016 7314.81 -50158.9
41917.9 -65246.6 -109060 7361.92 -50239.6
41976.7 -65258.2 -109108 7382.4 -50317.6
42039.8 -65265.7 -109159 7397.44 -50383.6
42104.5 -65272 -109211 7410.94 -50445.1
42171.3 -65275.6 -109265 7419.79 -50502.3
42239.2 -65278.2 -109321 7432.61 -50556.9
42307.4 -65281.1 -109377 7451.85 -50611.3
42376.5 -65283.1 -109433 7469 -50666
42446 -65284.7 -109490 7486.89 -50719.7
42516 -65285.9 -109547 7504.75 -50773
42586.1 -65286.9 -109604 7522.65 -50826.3
42656.4 -65287.8 -109661 7541.35 -50879.5
42726.8 -65288.7 -109718 7559.35 -50933.8
42797.5 -65289.1 -109776 7578.74 -50985.9
42868 -65289.7 -109833 7598.65 -51039.8
42938.7 -65290 -109891 7617.82 -51092.9
43009.2 -65290.6 -109948 7638.66 -51149.1
43080.1 -65290.6 -110006 7656.2 -51200.9
43150.7 -65291.2 -110063 7677.81 -51256.5
43221.7 -65290.8 -110120 7696.34 -51308.5
43292.2 -65291.8 -110178 7719.88 -51365.6
43363.4 -65291.4 -110235 7740.79 -51418.9
43433.8 -65292.2 -110293 7772.49 -51477.6
43503.1 -65295.6 -110349 7822.91 -51543.3
43573.6 -65297.6 -110406 7910.69 -51640.1
43645.1 -65297.5 -110463 8000.39 -51750
43716.1 -65297.5 -110521 8126.7 -51877.5
43821.5 -65276.8 -110598 8119.55 -51960.1
43886.5 -65286.9 -110650 8216.06 -52060.1
43952.5 -65291 -110705 8303.37 -52161.4
44017.1 -65294.6 -110760 8277.64 -52233.8
44083 -65295 -110818 8339.68 -52296.3
44148.4 -65299.9 -110874 8353.52 -52368.4
44249.8 -65284.3 -110949 8444.83 -52444.2
44314.5 -65295.3 -110999 8465.34 -52531.4
44378.2 -65302.2 -111052 8523.76 -52608.6
44441.7 -65304.2 -111108 8563.74 -52696.4
44507.3 -65302.1 -111165 8614 -52770.7
44574.5 -65304.6 -111221 8645.1 -52853.1
44643.8 -65305.2 -111277 8675.48 -52918.9
44713.1 -65306.6 -111333 8714.58 -52996.7
44783.6 -65306.2 -111390 8741.04 -53061
44853 -65307.7 -111446 8750.25 -53126.5
44923.6 -65307.6 -111502 8769.28 -53183
44993.9 -65308.1 -111559 8793.22 -53247.6
45065.4 -65306.6 -111616 8803.8 -53299.6
45135.9 -65306.5 -111673 8805.41 -53349.2
45207.5 -65305.1 -111730 8788.48 -53379.1
45278.3 -65304.6 -111787 8762.26 -53403.5
45349.9 -65302.7 -111844 8708.71 -53401.7
45420.9 -65301.5 -111900 8632 -53381.7
45492.2 -65299.8 -111956 8517.46 -53325.4
45562.7 -65298.9 -112012 8372.72 -53240.3
45633.4 -65297.6 -112067 8199.01 -53117.4
45792.7 -65236.2 -112164 8096.85 -52940.5
45843.4 -65262.6 -112208 8042.03 -52818.3
45959.8 -65226.1 -112282 8090.63 -52849.2
45989.7 -65247.9 -112325 8092.37 -52918.2
46053.7 -65260.8 -112375 8112.48 -52980.3
46099.9 -65272.5 -112418 8128.43 -53049.7
46150.3 -65287.1 -112465 8142.78 -53116.8
46206.1 -65293.1 -112514 8156.47 -53173.3
46264.5 -65298.2 -112564 8171.41 -53232.6
46326.6 -65300.8 -112616 8178 -53280.8
46390.4 -65302.3 -112668 8185.38 -53332.7
46456.5 -65299.6 -112721 8183.87 -53373.3
46629.2 -65219.6 -112827 8234.73 -53411.5
46683.3 -65224.9 -112882 8218.54 -53444
46725.4 -65239.6 -112923 8194.85 -53475.3
46853.6 -65190 -113009 8247.9 -53519.7
46885.4 -65210.4 -113047 8215.65 -53561.9
46926.9 -65228.2 -113087 8212.33 -53609.1
46976.8 -65237.7 -113131 8210.75 -53651.3
47103 -65191.9 -113216 8253.02 -53694.3
47141.7 -65210.7 -113256 8228.53 -53732.1
47265.3 -65162.1 -113342 8279.4 -53777.2
47297.4 -65185.3 -113379 8256.02 -53821.2
47358.2 -65190.4 -113429 8278.52 -53871.1
47402 -65197.5 -113471 8278.37 -53922.9
47450.4 -65208.2 -113515 8282.6 -53974.1
47506.4 -65213.1 -113562 8287.63 -54020.9
47594.1 -65200.4 -113625 8312.7 -54068.9
47737.8 -65134.4 -113719 8348.32 -54121.4
47786.5 -65150.1 -113768 8330.9 -54143.3
47828.2 -65165.6 -113807 8321.95 -54196.4
47873.5 -65177.6 -113849 8327.94 -54247.9
47925.5 -65182.5 -113895 8335.02 -54295.3
47981.8 -65185.8 -113943 8338.24 -54344.1
48041.3 -65188.9 -113992 8349.94 -54391.9
48163.4 -65153.8 -114070 8382.93 -54433.3
48276.8 -65107.4 -114153 8395.55 -54471.2
48328.8 -65120.2 -114203 8400.56 -54514
48372.7 -65131.4 -114243 8389.07 -54565.8
48442.9 -65126.6 -114298 8401.04 -54612.5
48490.9 -65134.7 -114341 8392.45 -54657.4
48589.2 -65109.9 -114414 8429.39 -54705.9
48636 -65120.8 -114456 8413.74 -54747.9
48767.2 -65067.4 -114545 8453.71 -54786.4
48799 -65090.5 -114583 8427.32 -54831.5
48840.9 -65105.7 -114621 8427.74 -54877.2
48935.9 -65080.6 -114690 8465.51 -54925.4
48978.2 -65091.3 -114731 8446.99 -54970
49109.9 -65043.4 -114818 8483.19 -55012.1
49141.5 -65064.3 -114857 8458.12 -55053.1
49205.1 -65070.5 -114907 8479.17 -55103.6
49250 -65076.8 -114948 8477.04 -55153
49345.6 -65052.2 -115017 8501.36 -55194.7
49388.6 -65062.4 -115059 8481.6 -55238
49520.3 -65013.9 -115146 8520.41 -55280.4
49552.3 -65034 -115185 8493.25 -55320.3
49615.7 -65040 -115234 8512.61 -55368.8
49660.9 -65046.3 -115276 8508.34 -55418.2
49755.6 -65022.2 -115345 8533.3 -55460.3
49799 -65031.5 -115386 8513.14 -55502.7
49930.1 -64983.6 -115473 8552.32 -55544.3
49962.2 -65003.1 -115512 8524.85 -55585.1
50025.9 -65008.6 -115562 8542.57 -55633.4
50070.7 -65014.9 -115603 8538.04 -55681.4
50165.4 -64991.2 -115672 8561.7 -55724.5
50209.2 -64999.8 -115713 8541.8 -55766.7
50340.6 -64950.7 -115801 8581.61 -55806.8
50372.9 -64970 -115840 8551.19 -55847.1
50452.7 -64960.1 -115900 8585.17 -55892.6
50491.9 -64970.6 -115939 8570.25 -55939.7
50595.7 -64936.9 -116013 8591.88 -55980.3
50632.3 -64956.8 -116050 8572.1 -56021.9
50694.4 -64953.8 -116103 8592.19 -56068.3
50738.4 -64959.7 -116146 8586.38 -56114.4
50855.2 -64927.3 -116225 8618.03 -56152.3
50893.4 -64942.6 -116266 8595.51 -56194.4
51010.9 -64897.1 -116349 8643.81 -56234.8
51043.2 -64917.8 -116387 8610.37 -56274.9
51101.5 -64925.6 -116435 8627.9 -56319.2
51143.8 -64932.2 -116476 8622.52 -56366.3
51256.2 -64898.3 -116554 8655.59 -56404.8
51293 -64916.5 -116592 8628.21 -56444.8
51409.1 -64872 -116676 8677.8 -56485.5
51441.6 -64892.6 -116712 8643.11 -56525.6
51497.7 -64897.6 -116760 8659.11 -56568.5
51539.3 -64904.3 -116799 8650.64 -56614.4
51610.2 -64902.5 -116853 8665.5 -56655.3
51722.1 -64863.9 -116930 8696.59 -56699.2
51788.6 -64861.5 -116986 8686.49 -56727.5
51843.1 -64865.2 -117032 8676.65 -56767.1
51915.2 -64857.7 -117090 8700.48 -56812.6
51951.4 -64870.5 -117126 8679.7 -56856
52051.6 -64840.7 -117197 8702.79 -56889.3
52087.3 -64861.1 -117232 8664.34 -56935.8
52181.5 -64838.9 -117303 8721.94 -56970.4
52220.5 -64853 -117338 8692.51 -57017.4
52313.3 -64829.6 -117408 8724.27 -57053.7
52348 -64845.7 -117442 8701.56 -57094.6
52427.7 -64834.6 -117503 8726.37 -57134.1
52519.5 -64804.8 -117570 8737.47 -57172.6
52579.7 -64812.8 -117621 8730.89 -57205.6
52631 -64816 -117665 8724.11 -57247.7
52701 -64808.1 -117721 8743.97 -57289.6
52770.6 -64797.6 -117774 8732.65 -57319.4
52848 -64788 -117837 8750.88 -57364.6
52880.1 -64806.3 -117870 8729.15 -57409.7
52956.6 -64797.2 -117930 8745.77 -57443
53044.4 -64771.8 -117996 8756.02 -57479.3
53103 -64783.4 -118049 8765.33 -57522.3
53170 -64772.4 -118102 8777.52 -57565
53217.5 -64777.5 -118147 8751.86 -57597.3
53303.1 -64761 -118213 8766.47 -57635.9
53353 -64773.3 -118256 8752 -57667.3
53435.4 -64753.6 -118321 8783.29 -57712.5
53465.5 -64769.3 -118355 8754.44 -57751.4
53543.4 -64763.3 -118413 8776.58 -57787.8
53656.5 -64717.5 -118492 8783.64 -57822.4
53703.4 -64737.2 -118539 8791.28 -57858
53765.5 -64731.9 -118588 8795.22 -57901.8
53825.7 -64730 -118639 8780.81 -57932.6
53887.5 -64727.1 -118691 8778.91 -57968.2
53951.6 -64723.1 -118744 8779.18 -58004.9
54015.8 -64720.6 -118796 8784.32 -58043.9
54082.6 -64712.7 -118850 8780.54 -58079.6
54170.8 -64697.4 -118917 8810.76 -58124.6
54214.3 -64711.7 -118958 8788.55 -58161.3
54280.9 -64699.7 -119011 8795.29 -58200.4
54390.8 -64662.2 -119087 8783.97 -58217.3
54465.1 -64656 -119147 8803.74 -58247.9
54524.1 -64655.5 -119194 8794.57 -58284.4
54585.3 -64656.8 -119243 8782.9 -58314.8
54671 -64631.8 -119304 8759.8 -58343.7
54741.4 -64644.7 -119361 8848.08 -58398
54757.4 -64675.1 -119388 8823.56 -58469.3
54787.1 -64691.1 -119416 8761 -58494.4
54893.3 -64662.2 -119483 8777.96 -58523.1
54996.8 -64625.7 -119555 8763.44 -58530.9
55051.7 -64634.5 -119603 8756.84 -58547.1
55129.9 -64617.1 -119658 8743.21 -58580.8
55203.1 -64613.1 -119714 8733.56 -58590.3
55253.3 -64620.4 -119755 8724.17 -58625.6
55340 -64617.1 -119814 8782.5 -58667.3
55364.5 -64646.9 -119841 8766.66 -58727.7
55417.8 -64647.3 -119882 8721.02 -58756.2
55507.2 -64621.3 -119946 8718.22 -58781.9
55588.2 -64608.8 -120008 8720.38 -58801.3
55652.9 -64606.9 -120061 8704.9 -58822.2
55724.7 -64598.1 -120118 8695.77 -58848.8
55785.5 -64601.3 -120168 8686.87 -58869.5
55858.8 -64588.5 -120224 8673.84 -58903
55923 -64592.6 -120278 8675.37 -58922
55998 -64576.7 -120334 8647.63 -58953.2
56067.9 -64581.5 -120391 8677.44 -58978.2
56111.4 -64595.5 -120427 8659.81 -59017.4
56196.1 -64570 -120487 8619.37 -59033.2
56253.1 -64580.1 -120535 8614.92 -59043.9
56304.2 -64586.8 -120577 8593.27 -59074.8
56393.6 -64563 -120640 8569.06 -59086
56473.4 -64576.8 -120694 8659.7 -59118.4
56486.9 -64613.1 -120719 8643.06 -59192.6
56532.9 -64618.2 -120752 8585.82 -59217.1
56642.8 -64580.2 -120826 8605.07 -59242.4
56722.4 -64563.8 -120887 8586.05 -59269.4
56791.2 -64559.7 -120939 8564.28 -59276.8
56851.7 -64562.2 -120987 8550.34 -59296
56922.5 -64553.6 -121041 8542.4 -59322
56981.7 -64558.9 -121089 8531.69 -59340.4
57059.7 -64541.4 -121146 8514.87 -59376.6
57114.7 -64552.6 -121192 8505.08 -59385.8
57196.6 -64531.1 -121249 8481.11 -59412.2
57243.1 -64550.7 -121290 8472.82 -59428.3
57328.7 -64525 -121349 8448.7 -59453.6
57382.8 -64534.9 -121395 8436.01 -59472.5
57460.8 -64513.3 -121451 8399.46 -59493.9
57537.4 -64526.9 -121503 8453.62 -59504
57554.1 -64564.6 -121529 8443.51 -59575.7
57617 -64552 -121572 8391.16 -59590.4
57722.6 -64509.7 -121659 8394.43 -59614.5
57795 -64499.1 -121715 8368.63 -59620.8
57862.2 -64496.1 -121770 8353.91 -59628.3
57919.2 -64499.5 -121817 8343.13 -59655.1
58000.3 -64480.9 -121879 8312.39 -59671.6
58064.6 -64482.7 -121931 8307.68 -59684.4
58138.8 -64466.1 -121986 8288.25 -59714.9
58196.7 -64481.8 -122037 8307.83 -59733.7
58267.7 -64467.5 -122087 8282.62 -59771.8
58331.7 -64461.5 -122139 8273.08 -59798.9
58407.6 -64448.5 -122197 8241.93 -59808.8
58471.4 -64449.4 -122249 8228.21 -59821.3
58540.4 -64440 -122302 8213.38 -59849.4
58616 -64476 -122341 8340.74 -59884.5
58629.3 -64517.1 -122367 8332.82 -59976.6
58663.9 -64529.3 -122394 8271.44 -59981.5
58789.1 -64457.9 -122487 8257.14 -60034.7
58865.9 -64442.2 -122554 8247.1 -60053.8
58947.6 -64421 -122614 8212.95 -60054.6
59006.4 -64425.4 -122664 8183.83 -60054.8
59086.5 -64405.8 -122721 8150.55 -60061.3
59140.9 -64414.9 -122768 8119.14 -60055.6
59217.2 -64396.5 -122824 8086.28 -60075.7
59273.4 -64406.7 -122873 8058.03 -60067
59350.9 -64386.4 -122928 8026.9 -60086.9
59400.2 -64405.8 -122973 8019.02 -60079.9
59479.4 -64382 -123028 7984.59 -60115.7
59542.8 -64382.4 -123081 7962.7 -60124.3
59624 -64361.1 -123137 7932.13 -60131.3
59670.6 -64384.7 -123181 7938.17 -60141
59750 -64359.3 -123235 7904.32 -60181.8
59818.9 -64355.1 -123291 7889.17 -60194.4
59892.9 -64341 -123342 7851.93 -60203.6
59959.7 -64350 -123395 7877 -60219.5
60015.1 -64349.3 -123437 7849.55 -60256.2
60092 -64330.7 -123493 7808.8 -60274.9
60168.8 -64320.4 -123548 7777.23 -60271.5
60238.1 -64310.8 -123599 7758.76 -60295
60322.6 -64319.9 -123652 7812.88 -60311.2
60338.9 -64356.3 -123676 7788.48 -60374.5
60375.3 -64368.9 -123705 7774.28 -60409
60526.4 -64280.8 -123798 7726.43 -60434.8
60592.9 -64280.1 -123856 7694.72 -60423.3
60665.5 -64264.6 -123906 7663.72 -60444.2
60736.2 -64258 -123960 7613.28 -60438.4
60811 -64239.8 -124011 7585.81 -60455.3
60858.9 -64262.2 -124055 7564.17 -60442.9
60950.3 -64225.6 -124108 7515.55 -60471.7
61009.2 -64232.8 -124158 7492.34 -60471.6
61077.3 -64221.9 -124205 7460.47 -60491.2
61147.9 -64227.2 -124257 7472.64 -60489
61202.2 -64227.1 -124296 7453.4 -60534.4
61294.1 -64188.9 -124348 7397.6 -60552.8
61350.6 -64199.1 -124395 7366.32 -60540.7
61430.9 -64170.9 -124433 7308.99 -60556.2
61483 -64189.8 -124480 7293.66 -60545.7
61536.7 -64191.3 -124520 7280.71 -60576.5
61624.8 -64158.2 -124576 7224.06 -60590.2
61692.9 -64179.7 -124619 7266.48 -60590.5
61725.9 -64202.1 -124650 7271.4 -60638.4
61823.8 -64153.1 -124703 7204.25 -60674.7
61886.4 -64153 -124756 7180.55 -60688.6
61949.4 -64145.4 -124798 7144.1 -60697.8
62023.2 -64130.9 -124847 7103.02 -60699.8
62090.9 -64122.8 -124894 7061.78 -60701.8
62153.4 -64123.3 -124939 7034.58 -60703.4
62232.7 -64099.6 -124986 6985 -60714.3
62276.2 -64127.8 -125025 6979.87 -60706.5
62368.2 -64087.3 -125058 6929.39 -60738.2
62415.1 -64100.3 -125107 6894.55 -60749.8
62489.8 -64082.1 -125157 6855.05 -60753.4
62557.2 -64073.9 -125205 6823.98 -60753.7
62627 -64061 -125247 6780.29 -60762.2
62680 -64087.1 -125288 6807.6 -60759.3
62722.7 -64095.1 -125319 6813.97 -60814.3
62823.1 -64053.6 -125357 6734.1 -60827.8
62865.9 -64069.9 -125403 6700.94 -60828.1
62943.7 -64040.9 -125444 6652.96 -60843.1
62991.1 -64059.6 -125489 6622.33 -60816
63076 -64026.4 -125515 6556.64 -60837
63117.5 -64047.7 -125561 6531.29 -60824
63184.2 -64035.7 -125611 6511.86 -60836.2
63261.4 -64014.5 -125654 6453.29 -60838
63311.5 -64039.4 -125694 6473.2 -60835
63386.1 -64012.2 -125719 6412.95 -60876
63433.6 -64024.8 -125766 6389.55 -60878.6
63501.9 -64010.3 -125810 6357.86 -60887.4
63567.6 -64002.7 -125854 6309.25 -60880.7
63625.5 -64002 -125894 6289.06 -60892.7
63702.3 -63982.6 -125931 6219.45 -60880.1
63735.2 -64018.2 -125968 6226.77 -60886
63828.2 -63979.3 -125988 6171.56 -60911
63871.4 -63993.9 -126038 6137.62 -60920
63928.4 -63989.2 -126083 6113.64 -60928.3
64009 -63962.7 -126130 6056.77 -60931.6
64068.2 -63988.6 -126167 6094.05 -60919.2
64098.7 -64010.8 -126196 6096.07 -60969.9
64200.7 -63960.1 -126220 6020.34 -60995.9
64249.1 -63969.9 -126272 5986.49 -61003.4
64298.3 -63972.2 -126317 5951.34 -61009.1
64383.7 -63939.4 -126364 5907.69 -61021.8
64429.4 -63960.6 -126408 5889.62 -60990.1
64515.1 -63927.6 -126421 5828.68 -61016.4
64556.8 -63944.3 -126471 5798.2 -61016.7
64590.3 -63965.7 -126508 5771.93 -61021.1
64693.9 -63914.1 -126560 5744.65 -61050.9
64742.1 -63929.5 -126607 5717.14 -61033
64794.7 -63926 -126639 5705.79 -61065.1
64883 -63894.1 -126691 5643.54 -61069.2
64921.2 -63922.6 -126730 5639.41 -61053.4
65009.4 -63886.2 -126732 5574.27 -61080.1
65052.7 -63899.6 -126784 5531.98 -61084.2
65085.6 -63922.9 -126824 5509.62 -61078.6
65184.5 -63877.9 -126886 5499.37 -61120.3
65237.5 -63890.1 -126932 5485.63 -61113.2
65323.3 -63856.3 -126935 5419.36 -61136
65365 -63874 -126986 5381.4 -61131.4
65389.4 -63904.8 -127018 5360.37 -61138.1
65479.5 -63869 -127080 5362.33 -61179.8
65560.2 -63870.5 -127131 5398.51 -61187.5
65601.6 -63879.9 -127163 5409.8 -61247.1
65693.4 -63835.2 -127188 5335.55 -61276.1
65735.6 -63851.6 -127234 5304.05 -61273.9
65779.9 -63859.2 -127274 5283.75 -61291.1
65865.7 -63825.5 -127323 5258.02 -61318.8
65907.6 -63846.9 -127364 5251.36 -61317.2
66000.7 -63804.8 -127386 5220.63 -61367.5
66037.6 -63827 -127429 5199.27 -61376
66073.9 -63845.9 -127465 5193.98 -61402.5
66162.5 -63810.6 -127519 5196.89 -61462.4
66218.1 -63816.2 -127564 5199.64 -61471.5
66308.1 -63778.8 -127561 5159.92 -61522.4
66352.5 -63791.2 -127615 5139.58 -61537.5
66373.6 -63824 -127648 5135.38 -61551.2
66451.2 -63800 -127708 5178.75 -61626.6
66528.5 -63770.1 -127753 5174.34 -61692.2
66588.3 -63777.8 -127800 5222.09 -61718.6
66660.8 -63749.1 -127811 5210.06 -61814.5
66704.4 -63761.3 -127856 5224.8 -61850.5
66733.6 -63780.8 -127892 5253.96 -61913.6
66813.6 -63749.3 -127938 5312.35 -62030.4
66864.9 -63752.3 -127981 5357.46 -62107.6
66953 -63713.7 -127960 5390.53 -62243.9
66993.9 -63725.3 -128011 5458.45 -62355.8
67015.6 -63748 -128046 5575.49 -62521.7
67080.4 -63735.4 -128100 5788.88 -62820.3
67185.2 -63679.8 -128129 6078.83 -63191.1
67223.3 -63689.3 -128168 6467.74 -63780
67317.4 -63623.7 -128115 7101.33 -64671.7
67349.4 -63639.8 -128157 7793.31 -65931.6
67448.8 -63530.7 -128130 8623.35 -66636.1
67467.9 -63541.9 -128141 8772.79 -66817.3
67583.2 -63457.7 -128104 9271.66 -66917.6
67610.9 -63482.8 -128155 9345.35 -67019.5
67645.7 -63499.2 -128203 9491.26 -67116.6
67720.8 -63479 -128262 9471.86 -67181
67784.5 -63469.7 -128311 9618.53 -67298
67852.4 -63459.2 -128345 9538.34 -67324.4
67890.7 -63478.6 -128397 9604.69 -67384.4
67970.4 -63448.4 -128423 9600.4 -67469.8
68013.4 -63465.3 -128475 9634.71 -67494.2
68059.4 -63468 -128521 9651.5 -67568.1
68135.7 -63441.2 -128559 9667.18 -67642.1
68177.3 -63459.9 -128606 9688.87 -67653.1
68239.4 -63445.2 -128639 9698.13 -67739.2
68284.4 -63454.6 -128686 9717.53 -67761.8
68374.1 -63421.3 -128691 9701.51 -67829.4
68415 -63436.1 -128741 9689.92 -67831.4
68435.4 -63465.7 -128778 9670.19 -67834.3
68491.5 -63461.8 -128830 9664.14 -67856.4
68571.4 -63433.3 -128884 9674.96 -67905.9
68619 -63445.4 -128928 9656.3 -67897.7
68713.3 -63404.2 -128917 9670.19 -68044.3
68755.2 -63415.3 -128968 9651.49 -68037.8
68768.7 -63446.3 -129000 9592.99 -68037.3
68833.5 -63442.3 -129056 9606.35 -68008.8
68881.5 -63440.9 -129098 9595.09 -68029.8
68966.3 -63409.8 -129156 9567.7 -68069.1
69019.1 -63420.2 -129203 9539.26 -68039.3
69111.2 -63380.5 -129187 9537 -68158.8
69148.6 -63394 -129235 9494.19 -68143.4
69172.1 -63417.3 -129275 9416.72 -68106.3
69235.1 -63411.3 -129334 9371.64 -68061.2
69279.2 -63415.6 -129374 9274.72 -68006
69372.1 -63407 -129439 9200.93 -67898.8
69393.7 -63434.2 -129472 8987.62 -67747.9
69460.3 -63412.5 -129515 8800.82 -67608.4
69505.3 -63426.1 -129568 8487.76 -67338.8
69566.4 -63418.3 -129615 8127.35 -67026.7
69619.8 -63437.1 -129672 7703.69 -66555.9
69632.1 -63477.7 -129706 7136.42 -66017.8
69693.6 -63497.3 -129767 6643.21 -65303.6
69738.2 -63537.4 -129825 6150.3 -64617.9
69763.2 -63606.9 -129864 5526.15 -63785.5
69768.9 -63676.9 -129886 4581.51 -62574.3
69850.9 -63741.8 -129937 3017.79 -60636.5
69872.1 -63822.1 -129962 981.507 -58976.4
69887.4 -63900.1 -129983 386.318 -58744
69912.1 -63934.8 -130018 388.775 -58820.2
69995.2 -63911.5 -130086 465.807 -58886.2
70052.9 -63904.9 -130139 464.314 -58916.7
70129.9 -63885.6 -130198 486.55 -58958.7
70188.8 -63879.8 -130244 459.447 -58987.2
70252.9 -63873.8 -130291 472.218 -59017.6
70358.7 -63827.8 -130317 426.205 -59040.4
70398.2 -63845.7 -130362 395.705 -59034.4
70422.5 -63868.9 -130391 350.562 -59047.9
70479.8 -63862.7 -130437 359.886 -59081.8
70555.3 -63836.5 -130488 344.694 -59099.1
70603.7 -63850.6 -130533 359.856 -59114.1
70705 -63802.2 -130539 303.16 -59142.7
70747.1 -63816 -130589 277.329 -59152.8
70768.6 -63843.1 -130621 235.408 -59154.4
70812.3 -63850 -130663 253.576 -59190.9
70876 -63833.5 -130712 244.538 -59225.6
70938 -63831.2 -130763 262.393 -59250.8
71010.8 -63805.1 -130800 228.451 -59292.7
71061.3 -63813 -130846 217.844 -59292.4
71133.5 -63790.1 -130885 200.471 -59322.1
71180.4 -63808.5 -130929 210.082 -59326.9
71242 -63793.6 -130963 195.13 -59366.5
71276.6 -63810.6 -130999 158.425 -59383.1
71386.2 -63753.5 -130987 90.5734 -59393.4
71410 -63780.6 -131036 64.0166 -59382.3
71429.4 -63810.6 -131067 -3.88912 -59398.1
71511.2 -63793.4 -131132 85.5965 -59434.3
71541.5 -63810.8 -131164 69.4627 -59467.2
71595.8 -63803.1 -131206 42.6519 -59503.3
71660.2 -63792.2 -131258 41.4665 -59523.3
71731.9 -63771.2 -131304 27.2219 -59554.7
71806.8 -63776.7 -131353 49.8825 -59557.3
71854 -63772.5 -131385 21.3865 -59597.6
71904.9 -63776.3 -131425 -13.4281 -59618.8
72007.3 -63716.1 -131380 -120.365 -59599.9
72022.5 -63752.4 -131426 -144.911 -59590.6
72042.2 -63774.9 -131468 -210.968 -59607.3
72115.4 -63762.1 -131535 -166.682 -59612.7
72152.2 -63772.7 -131573 -180.918 -59654.7
72218.2 -63764.5 -131627 -162.558 -59689.6
72259.2 -63771.3 -131663 -175.686 -59723.5
72339.5 -63753.2 -131722 -158.72 -59752.2
72391.5 -63752.7 -131762 -171.366 -59787.6
72451.3 -63752.7 -131809 -170.013 -59808.1
72533.1 -63722.8 -131856 -173.535 -59849.3
72588.3 -63732.5 -131902 -191.429 -59856.8
72659.5 -63708 -131939 -223.294 -59904.2
72715 -63714 -131987 -220.885 -59907.4
72770.6 -63708.5 -132025 -229.137 -59940.1
72826.7 -63715.8 -132072 -229.578 -59948.6
72883.8 -63704.7 -132100 -229.55 -59995.8
72931.7 -63709.7 -132145 -268.451 -60012.7
73010.9 -63679.9 -132183 -298.948 -60049.2
73069.6 -63690.2 -132231 -292.04 -60041.2
73095.4 -63711.2 -132257 -318.243 -60083.9
73179.9 -63675.7 -132307 -334.596 -60117.6
73226.3 -63691 -132350 -329.397 -60118.7
73286.3 -63679.2 -132390 -335.701 -60162.8
73322.5 -63698.5 -132428 -354.369 -60178.5
